java.lang.Exception: No se encontro el archivo de properties ./\h2.properties en ./ en path C:\Users\Ingeneo\git\easy_accounting\ea-H2-mem\.\h2.properties
	at org.pyt.common.properties.PropertiesUtils.loadProperties(PropertiesUtils.java:56)
	at org.pyt.common.properties.PropertiesUtils.load(PropertiesUtils.java:65)
	at com.japl.ea.query.privates.utils.PropertiesH2.load(PropertiesH2.java:27)
	at com.japl.ea.query.privates.SessionFactoryBuild.<init>(SessionFactoryBuild.java:25)
	at com.japl.ea.query.privates.H2Connect.getHibernateConnect(H2Connect.java:70)
	at com.japl.ea.query.implement.QuerySvc.gets(QuerySvc.java:87)
	at com.japl.ea.query.implement.QuerySvc.main(QuerySvc.java:280)
java.lang.Exception: No se encontro el archivo de properties ./\h2.properties en ./ en path C:\Users\Ingeneo\git\easy_accounting\ea-H2-mem\.\h2.properties
	at org.pyt.common.properties.PropertiesUtils.loadProperties(PropertiesUtils.java:56)
	at org.pyt.common.properties.PropertiesUtils.load(PropertiesUtils.java:65)
	at com.japl.ea.query.privates.utils.PropertiesH2.load(PropertiesH2.java:27)
	at com.japl.ea.query.privates.H2Connect.<init>(H2Connect.java:35)
	at com.japl.ea.query.privates.H2Connect.getInstance(H2Connect.java:43)
	at com.japl.ea.query.implement.QuerySvc.<init>(QuerySvc.java:37)
	at com.japl.ea.query.implement.QuerySvc.main(QuerySvc.java:269)
java.lang.Exception: No se encontro el archivo de properties ./\h2.properties en ./ en path C:\Users\Ingeneo\git\easy_accounting\ea-H2-mem\.\h2.properties
	at org.pyt.common.properties.PropertiesUtils.loadProperties(PropertiesUtils.java:56)
	at org.pyt.common.properties.PropertiesUtils.load(PropertiesUtils.java:65)
	at com.japl.ea.query.privates.utils.PropertiesH2.load(PropertiesH2.java:27)
	at com.japl.ea.query.privates.SessionFactoryBuild.<init>(SessionFactoryBuild.java:25)
	at com.japl.ea.query.privates.H2Connect.getHibernateConnect(H2Connect.java:70)
	at com.japl.ea.query.implement.QuerySvc.gets(QuerySvc.java:87)
	at com.japl.ea.query.implement.QuerySvc.main(QuerySvc.java:280)
java.lang.Exception: No se encontro el archivo de properties ./\h2.properties en ./ en path C:\Users\Ingeneo\git\easy_accounting\ea-H2-mem\.\h2.properties
	at org.pyt.common.properties.PropertiesUtils.loadProperties(PropertiesUtils.java:56)
	at org.pyt.common.properties.PropertiesUtils.load(PropertiesUtils.java:65)
	at com.japl.ea.query.privates.utils.PropertiesH2.load(PropertiesH2.java:27)
	at com.japl.ea.query.privates.H2Connect.<init>(H2Connect.java:35)
	at com.japl.ea.query.privates.H2Connect.getInstance(H2Connect.java:43)
	at com.japl.ea.query.implement.QuerySvc.<init>(QuerySvc.java:37)
	at com.japl.ea.query.implement.QuerySvc.main(QuerySvc.java:269)
java.lang.Exception: No se encontro el archivo de properties ./\h2.properties en ./ en path C:\Users\Ingeneo\git\easy_accounting\ea-H2-mem\.\h2.properties
	at org.pyt.common.properties.PropertiesUtils.loadProperties(PropertiesUtils.java:56)
	at org.pyt.common.properties.PropertiesUtils.load(PropertiesUtils.java:65)
	at com.japl.ea.query.privates.utils.PropertiesH2.load(PropertiesH2.java:27)
	at com.japl.ea.query.privates.SessionFactoryBuild.<init>(SessionFactoryBuild.java:25)
	at com.japl.ea.query.privates.H2Connect.getHibernateConnect(H2Connect.java:70)
	at com.japl.ea.query.implement.QuerySvc.gets(QuerySvc.java:87)
	at com.japl.ea.query.implement.QuerySvc.main(QuerySvc.java:280)
java.lang.Exception: No se encontro el archivo de properties ./\h2.properties en ./ en path C:\Users\Ingeneo\git\easy_accounting\ea-H2-mem\.\h2.properties
	at org.pyt.common.properties.PropertiesUtils.loadProperties(PropertiesUtils.java:56)
	at org.pyt.common.properties.PropertiesUtils.load(PropertiesUtils.java:65)
	at com.japl.ea.query.privates.utils.PropertiesH2.load(PropertiesH2.java:27)
	at com.japl.ea.query.privates.H2Connect.<init>(H2Connect.java:35)
	at com.japl.ea.query.privates.H2Connect.getInstance(H2Connect.java:43)
	at com.japl.ea.query.implement.QuerySvc.<init>(QuerySvc.java:37)
	at com.japl.ea.query.implement.QuerySvc.main(QuerySvc.java:268)
java.lang.Exception: No se encontro el archivo de properties ./\h2.properties en ./ en path C:\Users\Ingeneo\git\easy_accounting\ea-H2-mem\.\h2.properties
	at org.pyt.common.properties.PropertiesUtils.loadProperties(PropertiesUtils.java:56)
	at org.pyt.common.properties.PropertiesUtils.load(PropertiesUtils.java:65)
	at com.japl.ea.query.privates.utils.PropertiesH2.load(PropertiesH2.java:27)
	at com.japl.ea.query.privates.SessionFactoryBuild.<init>(SessionFactoryBuild.java:25)
	at com.japl.ea.query.privates.H2Connect.getHibernateConnect(H2Connect.java:70)
	at com.japl.ea.query.implement.QuerySvc.gets(QuerySvc.java:87)
	at com.japl.ea.query.implement.QuerySvc.main(QuerySvc.java:279)
java.lang.Exception: No se encontro el archivo de properties ./\h2.properties en ./ en path C:\Users\Ingeneo\git\easy_accounting\ea-H2-mem\.\h2.properties
	at org.pyt.common.properties.PropertiesUtils.loadProperties(PropertiesUtils.java:56)
	at org.pyt.common.properties.PropertiesUtils.load(PropertiesUtils.java:65)
	at com.japl.ea.query.privates.utils.PropertiesH2.load(PropertiesH2.java:27)
	at com.japl.ea.query.privates.H2Connect.<init>(H2Connect.java:35)
	at com.japl.ea.query.privates.H2Connect.getInstance(H2Connect.java:43)
	at com.japl.ea.query.implement.QuerySvc.<init>(QuerySvc.java:37)
	at com.japl.ea.query.implement.QuerySvc.main(QuerySvc.java:268)
java.lang.Exception: No se encontro el archivo de properties ./\h2.properties en ./ en path C:\Users\Ingeneo\git\easy_accounting\ea-H2-mem\.\h2.properties
	at org.pyt.common.properties.PropertiesUtils.loadProperties(PropertiesUtils.java:56)
	at org.pyt.common.properties.PropertiesUtils.load(PropertiesUtils.java:65)
	at com.japl.ea.query.privates.utils.PropertiesH2.load(PropertiesH2.java:27)
	at com.japl.ea.query.privates.SessionFactoryBuild.<init>(SessionFactoryBuild.java:25)
	at com.japl.ea.query.privates.H2Connect.getHibernateConnect(H2Connect.java:70)
	at com.japl.ea.query.implement.QuerySvc.gets(QuerySvc.java:87)
	at com.japl.ea.query.implement.QuerySvc.main(QuerySvc.java:279)
java.lang.Exception: No se encontro el archivo de properties ./\h2.properties en ./ en path C:\Users\Ingeneo\git\easy_accounting\ea-H2-mem\.\h2.properties
	at org.pyt.common.properties.PropertiesUtils.loadProperties(PropertiesUtils.java:56)
	at org.pyt.common.properties.PropertiesUtils.load(PropertiesUtils.java:65)
	at com.japl.ea.query.privates.utils.PropertiesH2.load(PropertiesH2.java:27)
	at com.japl.ea.query.privates.H2Connect.<init>(H2Connect.java:35)
	at com.japl.ea.query.privates.H2Connect.getInstance(H2Connect.java:43)
	at com.japl.ea.query.implement.QuerySvc.<init>(QuerySvc.java:37)
	at com.japl.ea.query.implement.QuerySvc.main(QuerySvc.java:268)
java.lang.Exception: No se encontro el archivo de properties ./\h2.properties en ./ en path C:\Users\Ingeneo\git\easy_accounting\ea-H2-mem\.\h2.properties
	at org.pyt.common.properties.PropertiesUtils.loadProperties(PropertiesUtils.java:56)
	at org.pyt.common.properties.PropertiesUtils.load(PropertiesUtils.java:65)
	at com.japl.ea.query.privates.utils.PropertiesH2.load(PropertiesH2.java:27)
	at com.japl.ea.query.privates.SessionFactoryBuild.<init>(SessionFactoryBuild.java:25)
	at com.japl.ea.query.privates.H2Connect.getHibernateConnect(H2Connect.java:70)
	at com.japl.ea.query.implement.QuerySvc.gets(QuerySvc.java:87)
	at com.japl.ea.query.implement.QuerySvc.main(QuerySvc.java:279)
java.lang.Exception: No se encontro el archivo de properties ./\h2.properties en ./ en path C:\Users\Ingeneo\git\easy_accounting\ea-H2-mem\.\h2.properties
	at org.pyt.common.properties.PropertiesUtils.loadProperties(PropertiesUtils.java:56)
	at org.pyt.common.properties.PropertiesUtils.load(PropertiesUtils.java:65)
	at com.japl.ea.query.privates.utils.PropertiesH2.load(PropertiesH2.java:27)
	at com.japl.ea.query.privates.H2Connect.<init>(H2Connect.java:35)
	at com.japl.ea.query.privates.H2Connect.getInstance(H2Connect.java:43)
	at com.japl.ea.query.implement.QuerySvc.<init>(QuerySvc.java:37)
	at com.japl.ea.query.implement.QuerySvc.main(QuerySvc.java:268)
java.lang.Exception: No se encontro el archivo de properties ./\h2.properties en ./ en path C:\Users\Ingeneo\git\easy_accounting\ea-H2-mem\.\h2.properties
	at org.pyt.common.properties.PropertiesUtils.loadProperties(PropertiesUtils.java:56)
	at org.pyt.common.properties.PropertiesUtils.load(PropertiesUtils.java:65)
	at com.japl.ea.query.privates.utils.PropertiesH2.load(PropertiesH2.java:27)
	at com.japl.ea.query.privates.SessionFactoryBuild.<init>(SessionFactoryBuild.java:25)
	at com.japl.ea.query.privates.H2Connect.getHibernateConnect(H2Connect.java:70)
	at com.japl.ea.query.implement.QuerySvc.gets(QuerySvc.java:87)
	at com.japl.ea.query.implement.QuerySvc.main(QuerySvc.java:279)
java.lang.Exception: No se encontro el archivo de properties ./\h2.properties en ./ en path C:\Users\Ingeneo\git\easy_accounting\ea-H2-mem\.\h2.properties
	at org.pyt.common.properties.PropertiesUtils.loadProperties(PropertiesUtils.java:56)
	at org.pyt.common.properties.PropertiesUtils.load(PropertiesUtils.java:65)
	at com.japl.ea.query.privates.utils.PropertiesH2.load(PropertiesH2.java:27)
	at com.japl.ea.query.privates.H2Connect.<init>(H2Connect.java:35)
	at com.japl.ea.query.privates.H2Connect.getInstance(H2Connect.java:43)
	at com.japl.ea.query.implement.QuerySvc.<init>(QuerySvc.java:37)
	at com.japl.ea.query.implement.QuerySvc.main(QuerySvc.java:268)
java.lang.Exception: No se encontro el archivo de properties ./\h2.properties en ./ en path C:\Users\Ingeneo\git\easy_accounting\ea-H2-mem\.\h2.properties
	at org.pyt.common.properties.PropertiesUtils.loadProperties(PropertiesUtils.java:56)
	at org.pyt.common.properties.PropertiesUtils.load(PropertiesUtils.java:65)
	at com.japl.ea.query.privates.utils.PropertiesH2.load(PropertiesH2.java:27)
	at com.japl.ea.query.privates.SessionFactoryBuild.<init>(SessionFactoryBuild.java:25)
	at com.japl.ea.query.privates.H2Connect.getHibernateConnect(H2Connect.java:70)
	at com.japl.ea.query.implement.QuerySvc.gets(QuerySvc.java:87)
	at com.japl.ea.query.implement.QuerySvc.main(QuerySvc.java:279)
java.lang.Exception: No se encontro el archivo de properties ./\h2.properties en ./ en path C:\Users\Ingeneo\git\easy_accounting\ea-H2-mem\.\h2.properties
	at org.pyt.common.properties.PropertiesUtils.loadProperties(PropertiesUtils.java:56)
	at org.pyt.common.properties.PropertiesUtils.load(PropertiesUtils.java:65)
	at com.japl.ea.query.privates.utils.PropertiesH2.load(PropertiesH2.java:27)
	at com.japl.ea.query.privates.H2Connect.<init>(H2Connect.java:35)
	at com.japl.ea.query.privates.H2Connect.getInstance(H2Connect.java:43)
	at com.japl.ea.query.implement.QuerySvc.<init>(QuerySvc.java:37)
	at com.japl.ea.query.implement.QuerySvc.main(QuerySvc.java:268)
java.lang.Exception: No se encontro el archivo de properties ./\h2.properties en ./ en path C:\Users\Ingeneo\git\easy_accounting\ea-H2-mem\.\h2.properties
	at org.pyt.common.properties.PropertiesUtils.loadProperties(PropertiesUtils.java:56)
	at org.pyt.common.properties.PropertiesUtils.load(PropertiesUtils.java:65)
	at com.japl.ea.query.privates.utils.PropertiesH2.load(PropertiesH2.java:27)
	at com.japl.ea.query.privates.SessionFactoryBuild.<init>(SessionFactoryBuild.java:25)
	at com.japl.ea.query.privates.H2Connect.getHibernateConnect(H2Connect.java:70)
	at com.japl.ea.query.implement.QuerySvc.gets(QuerySvc.java:87)
	at com.japl.ea.query.implement.QuerySvc.main(QuerySvc.java:279)
java.lang.Exception: No se encontro el archivo de properties ./\h2.properties en ./ en path C:\Users\Ingeneo\git\easy_accounting\ea-H2-mem\.\h2.properties
	at org.pyt.common.properties.PropertiesUtils.loadProperties(PropertiesUtils.java:56)
	at org.pyt.common.properties.PropertiesUtils.load(PropertiesUtils.java:65)
	at com.japl.ea.query.privates.utils.PropertiesH2.load(PropertiesH2.java:27)
	at com.japl.ea.query.privates.H2Connect.<init>(H2Connect.java:35)
	at com.japl.ea.query.privates.H2Connect.getInstance(H2Connect.java:43)
	at com.japl.ea.query.implement.QuerySvc.<init>(QuerySvc.java:37)
	at com.japl.ea.query.implement.QuerySvc.main(QuerySvc.java:268)
java.lang.Exception: No se encontro el archivo de properties ./\h2.properties en ./ en path C:\Users\Ingeneo\git\easy_accounting\ea-H2-mem\.\h2.properties
	at org.pyt.common.properties.PropertiesUtils.loadProperties(PropertiesUtils.java:56)
	at org.pyt.common.properties.PropertiesUtils.load(PropertiesUtils.java:65)
	at com.japl.ea.query.privates.utils.PropertiesH2.load(PropertiesH2.java:27)
	at com.japl.ea.query.privates.SessionFactoryBuild.<init>(SessionFactoryBuild.java:25)
	at com.japl.ea.query.privates.H2Connect.getHibernateConnect(H2Connect.java:70)
	at com.japl.ea.query.implement.QuerySvc.gets(QuerySvc.java:87)
	at com.japl.ea.query.implement.QuerySvc.main(QuerySvc.java:279)
java.lang.Exception: No se encontro el archivo de properties ./\h2.properties en ./ en path C:\Users\Ingeneo\git\easy_accounting\ea-H2-mem\.\h2.properties
	at org.pyt.common.properties.PropertiesUtils.loadProperties(PropertiesUtils.java:56)
	at org.pyt.common.properties.PropertiesUtils.load(PropertiesUtils.java:65)
	at com.japl.ea.query.privates.utils.PropertiesH2.load(PropertiesH2.java:27)
	at com.japl.ea.query.privates.H2Connect.<init>(H2Connect.java:35)
	at com.japl.ea.query.privates.H2Connect.getInstance(H2Connect.java:43)
	at com.japl.ea.query.implement.QuerySvc.<init>(QuerySvc.java:37)
	at com.japl.ea.query.implement.QuerySvc.main(QuerySvc.java:268)
java.lang.Exception: No se encontro el archivo de properties ./\h2.properties en ./ en path C:\Users\Ingeneo\git\easy_accounting\ea-H2-mem\.\h2.properties
	at org.pyt.common.properties.PropertiesUtils.loadProperties(PropertiesUtils.java:56)
	at org.pyt.common.properties.PropertiesUtils.load(PropertiesUtils.java:65)
	at com.japl.ea.query.privates.utils.PropertiesH2.load(PropertiesH2.java:27)
	at com.japl.ea.query.privates.SessionFactoryBuild.<init>(SessionFactoryBuild.java:25)
	at com.japl.ea.query.privates.H2Connect.getHibernateConnect(H2Connect.java:70)
	at com.japl.ea.query.implement.QuerySvc.gets(QuerySvc.java:87)
	at com.japl.ea.query.implement.QuerySvc.main(QuerySvc.java:279)
java.lang.Exception: No se encontro el archivo de properties ./\h2.properties en ./ en path C:\Users\Ingeneo\git\easy_accounting\ea-H2-mem\.\h2.properties
	at org.pyt.common.properties.PropertiesUtils.loadProperties(PropertiesUtils.java:56)
	at org.pyt.common.properties.PropertiesUtils.load(PropertiesUtils.java:65)
	at com.japl.ea.query.privates.utils.PropertiesH2.load(PropertiesH2.java:27)
	at com.japl.ea.query.privates.H2Connect.<init>(H2Connect.java:35)
	at com.japl.ea.query.privates.H2Connect.getInstance(H2Connect.java:43)
	at com.japl.ea.query.implement.QuerySvc.<init>(QuerySvc.java:37)
	at com.japl.ea.query.implement.QuerySvc.main(QuerySvc.java:268)
java.lang.Exception: No se encontro el archivo de properties ./\h2.properties en ./ en path C:\Users\Ingeneo\git\easy_accounting\ea-H2-mem\.\h2.properties
	at org.pyt.common.properties.PropertiesUtils.loadProperties(PropertiesUtils.java:56)
	at org.pyt.common.properties.PropertiesUtils.load(PropertiesUtils.java:65)
	at com.japl.ea.query.privates.utils.PropertiesH2.load(PropertiesH2.java:27)
	at com.japl.ea.query.privates.SessionFactoryBuild.<init>(SessionFactoryBuild.java:25)
	at com.japl.ea.query.privates.H2Connect.getHibernateConnect(H2Connect.java:70)
	at com.japl.ea.query.implement.QuerySvc.gets(QuerySvc.java:87)
	at com.japl.ea.query.implement.QuerySvc.main(QuerySvc.java:279)
java.lang.Exception: No se encontro el archivo de properties ./\h2.properties en ./ en path C:\Users\Ingeneo\git\easy_accounting\ea-H2-mem\.\h2.properties
	at org.pyt.common.properties.PropertiesUtils.loadProperties(PropertiesUtils.java:56)
	at org.pyt.common.properties.PropertiesUtils.load(PropertiesUtils.java:65)
	at com.japl.ea.query.privates.utils.PropertiesH2.load(PropertiesH2.java:27)
	at com.japl.ea.query.privates.H2Connect.<init>(H2Connect.java:35)
	at com.japl.ea.query.privates.H2Connect.getInstance(H2Connect.java:43)
	at com.japl.ea.query.implement.QuerySvc.<init>(QuerySvc.java:37)
	at com.japl.ea.query.implement.QuerySvc.main(QuerySvc.java:268)
java.lang.Exception: No se encontro el archivo de properties ./\h2.properties en ./ en path C:\Users\Ingeneo\git\easy_accounting\ea-H2-mem\.\h2.properties
	at org.pyt.common.properties.PropertiesUtils.loadProperties(PropertiesUtils.java:56)
	at org.pyt.common.properties.PropertiesUtils.load(PropertiesUtils.java:65)
	at com.japl.ea.query.privates.utils.PropertiesH2.load(PropertiesH2.java:27)
	at com.japl.ea.query.privates.SessionFactoryBuild.<init>(SessionFactoryBuild.java:25)
	at com.japl.ea.query.privates.H2Connect.getHibernateConnect(H2Connect.java:70)
	at com.japl.ea.query.implement.QuerySvc.gets(QuerySvc.java:87)
	at com.japl.ea.query.implement.QuerySvc.main(QuerySvc.java:279)
java.lang.Exception: No se encontro el archivo de properties ./\h2.properties en ./ en path C:\Users\Ingeneo\git\easy_accounting\ea-H2-mem\.\h2.properties
	at org.pyt.common.properties.PropertiesUtils.loadProperties(PropertiesUtils.java:56)
	at org.pyt.common.properties.PropertiesUtils.load(PropertiesUtils.java:65)
	at com.japl.ea.query.privates.utils.PropertiesH2.load(PropertiesH2.java:27)
	at com.japl.ea.query.privates.H2Connect.<init>(H2Connect.java:35)
	at com.japl.ea.query.privates.H2Connect.getInstance(H2Connect.java:43)
	at com.japl.ea.query.implement.QuerySvc.<init>(QuerySvc.java:37)
	at com.japl.ea.query.implement.QuerySvc.main(QuerySvc.java:268)
java.lang.Exception: No se encontro el archivo de properties ./\h2.properties en ./ en path C:\Users\Ingeneo\git\easy_accounting\ea-H2-mem\.\h2.properties
	at org.pyt.common.properties.PropertiesUtils.loadProperties(PropertiesUtils.java:56)
	at org.pyt.common.properties.PropertiesUtils.load(PropertiesUtils.java:65)
	at com.japl.ea.query.privates.utils.PropertiesH2.load(PropertiesH2.java:27)
	at com.japl.ea.query.privates.SessionFactoryBuild.<init>(SessionFactoryBuild.java:25)
	at com.japl.ea.query.privates.H2Connect.getHibernateConnect(H2Connect.java:70)
	at com.japl.ea.query.implement.QuerySvc.gets(QuerySvc.java:87)
	at com.japl.ea.query.implement.QuerySvc.main(QuerySvc.java:279)
java.lang.Exception: No se encontro el archivo de properties ./\h2.properties en ./ en path C:\Users\Ingeneo\git\easy_accounting\ea-H2-mem\.\h2.properties
	at org.pyt.common.properties.PropertiesUtils.loadProperties(PropertiesUtils.java:56)
	at org.pyt.common.properties.PropertiesUtils.load(PropertiesUtils.java:65)
	at com.japl.ea.query.privates.utils.PropertiesH2.load(PropertiesH2.java:27)
	at com.japl.ea.query.privates.H2Connect.<init>(H2Connect.java:35)
	at com.japl.ea.query.privates.H2Connect.getInstance(H2Connect.java:43)
	at com.japl.ea.query.implement.QuerySvc.<init>(QuerySvc.java:37)
	at com.japl.ea.query.implement.QuerySvc.main(QuerySvc.java:268)
java.lang.Exception: No se encontro el archivo de properties ./\h2.properties en ./ en path C:\Users\Ingeneo\git\easy_accounting\ea-H2-mem\.\h2.properties
	at org.pyt.common.properties.PropertiesUtils.loadProperties(PropertiesUtils.java:56)
	at org.pyt.common.properties.PropertiesUtils.load(PropertiesUtils.java:65)
	at com.japl.ea.query.privates.utils.PropertiesH2.load(PropertiesH2.java:27)
	at com.japl.ea.query.privates.SessionFactoryBuild.<init>(SessionFactoryBuild.java:25)
	at com.japl.ea.query.privates.H2Connect.getHibernateConnect(H2Connect.java:70)
	at com.japl.ea.query.implement.QuerySvc.gets(QuerySvc.java:87)
	at com.japl.ea.query.implement.QuerySvc.main(QuerySvc.java:279)
java.lang.Exception: No se encontro el archivo de properties ./\h2.properties en ./ en path C:\Users\Ingeneo\git\easy_accounting\ea-H2-mem\.\h2.properties
	at org.pyt.common.properties.PropertiesUtils.loadProperties(PropertiesUtils.java:56)
	at org.pyt.common.properties.PropertiesUtils.load(PropertiesUtils.java:65)
	at com.japl.ea.query.privates.utils.PropertiesH2.load(PropertiesH2.java:27)
	at com.japl.ea.query.privates.H2Connect.<init>(H2Connect.java:35)
	at com.japl.ea.query.privates.H2Connect.getInstance(H2Connect.java:43)
	at com.japl.ea.query.implement.QuerySvc.<init>(QuerySvc.java:37)
	at com.japl.ea.query.implement.QuerySvc.main(QuerySvc.java:268)
java.lang.Exception: No se encontro el archivo de properties ./\h2.properties en ./ en path C:\Users\Ingeneo\git\easy_accounting\ea-H2-mem\.\h2.properties
	at org.pyt.common.properties.PropertiesUtils.loadProperties(PropertiesUtils.java:56)
	at org.pyt.common.properties.PropertiesUtils.load(PropertiesUtils.java:65)
	at com.japl.ea.query.privates.utils.PropertiesH2.load(PropertiesH2.java:27)
	at com.japl.ea.query.privates.SessionFactoryBuild.<init>(SessionFactoryBuild.java:25)
	at com.japl.ea.query.privates.H2Connect.getHibernateConnect(H2Connect.java:70)
	at com.japl.ea.query.implement.QuerySvc.gets(QuerySvc.java:87)
	at com.japl.ea.query.implement.QuerySvc.main(QuerySvc.java:279)
java.lang.Exception: No se encontro el archivo de properties ./\h2.properties en ./ en path C:\Users\Ingeneo\git\easy_accounting\ea-H2-mem\.\h2.properties
	at org.pyt.common.properties.PropertiesUtils.loadProperties(PropertiesUtils.java:56)
	at org.pyt.common.properties.PropertiesUtils.load(PropertiesUtils.java:65)
	at com.japl.ea.query.privates.utils.PropertiesH2.load(PropertiesH2.java:27)
	at com.japl.ea.query.privates.H2Connect.<init>(H2Connect.java:35)
	at com.japl.ea.query.privates.H2Connect.getInstance(H2Connect.java:43)
	at com.japl.ea.query.implement.QuerySvc.<init>(QuerySvc.java:37)
	at com.japl.ea.query.implement.QuerySvc.main(QuerySvc.java:268)
java.lang.Exception: No se encontro el archivo de properties ./\h2.properties en ./ en path C:\Users\Ingeneo\git\easy_accounting\ea-H2-mem\.\h2.properties
	at org.pyt.common.properties.PropertiesUtils.loadProperties(PropertiesUtils.java:56)
	at org.pyt.common.properties.PropertiesUtils.load(PropertiesUtils.java:65)
	at com.japl.ea.query.privates.utils.PropertiesH2.load(PropertiesH2.java:27)
	at com.japl.ea.query.privates.SessionFactoryBuild.<init>(SessionFactoryBuild.java:25)
	at com.japl.ea.query.privates.H2Connect.getHibernateConnect(H2Connect.java:70)
	at com.japl.ea.query.implement.QuerySvc.gets(QuerySvc.java:87)
	at com.japl.ea.query.implement.QuerySvc.main(QuerySvc.java:279)
java.lang.Exception: No se encontro el archivo de properties ./\h2.properties en ./ en path C:\Users\Ingeneo\git\easy_accounting\ea-H2-mem\.\h2.properties
	at org.pyt.common.properties.PropertiesUtils.loadProperties(PropertiesUtils.java:56)
	at org.pyt.common.properties.PropertiesUtils.load(PropertiesUtils.java:65)
	at com.japl.ea.query.privates.utils.PropertiesH2.load(PropertiesH2.java:27)
	at com.japl.ea.query.privates.H2Connect.<init>(H2Connect.java:35)
	at com.japl.ea.query.privates.H2Connect.getInstance(H2Connect.java:43)
	at com.japl.ea.query.implement.QuerySvc.<init>(QuerySvc.java:37)
	at com.japl.ea.query.implement.QuerySvc.main(QuerySvc.java:268)
java.lang.Exception: No se encontro el archivo de properties ./\h2.properties en ./ en path C:\Users\Ingeneo\git\easy_accounting\ea-H2-mem\.\h2.properties
	at org.pyt.common.properties.PropertiesUtils.loadProperties(PropertiesUtils.java:56)
	at org.pyt.common.properties.PropertiesUtils.load(PropertiesUtils.java:65)
	at com.japl.ea.query.privates.utils.PropertiesH2.load(PropertiesH2.java:27)
	at com.japl.ea.query.privates.SessionFactoryBuild.<init>(SessionFactoryBuild.java:25)
	at com.japl.ea.query.privates.H2Connect.getHibernateConnect(H2Connect.java:70)
	at com.japl.ea.query.implement.QuerySvc.gets(QuerySvc.java:87)
	at com.japl.ea.query.implement.QuerySvc.main(QuerySvc.java:279)
org.pyt.common.exceptions.ReflectionException: No se encontro el metodo com.japl.ea.query.privates.jpa.ParametroJPA.getFechaCreacion()
	at org.pyt.common.reflection.ReflectionUtils.getValueField(ReflectionUtils.java:159)
	at org.pyt.common.reflection.ReflectionUtils.lambda$0(ReflectionUtils.java:79)
	at java.base/java.util.ArrayList.forEach(ArrayList.java:1378)
	at org.pyt.common.reflection.ReflectionUtils.copy(ReflectionUtils.java:77)
	at com.japl.ea.query.implement.QuerySvc.lambda$0(QuerySvc.java:103)
	at java.base/java.util.ArrayList.forEach(ArrayList.java:1378)
	at com.japl.ea.query.implement.QuerySvc.gets(QuerySvc.java:103)
	at com.japl.ea.query.implement.QuerySvc.main(QuerySvc.java:292)
Caused by: java.lang.NoSuchMethodException: com.japl.ea.query.privates.jpa.ParametroJPA.getFechaCreacion()
	at java.base/java.lang.Class.getDeclaredMethod(Class.java:2434)
	at org.pyt.common.reflection.ReflectionUtils.getValueField(ReflectionUtils.java:152)
	... 7 more
org.pyt.common.exceptions.ReflectionException: No se encontro el metodo com.japl.ea.query.privates.jpa.ParametroJPA.getFechaActualizacion()
	at org.pyt.common.reflection.ReflectionUtils.getValueField(ReflectionUtils.java:159)
	at org.pyt.common.reflection.ReflectionUtils.lambda$0(ReflectionUtils.java:79)
	at java.base/java.util.ArrayList.forEach(ArrayList.java:1378)
	at org.pyt.common.reflection.ReflectionUtils.copy(ReflectionUtils.java:77)
	at com.japl.ea.query.implement.QuerySvc.lambda$0(QuerySvc.java:103)
	at java.base/java.util.ArrayList.forEach(ArrayList.java:1378)
	at com.japl.ea.query.implement.QuerySvc.gets(QuerySvc.java:103)
	at com.japl.ea.query.implement.QuerySvc.main(QuerySvc.java:292)
Caused by: java.lang.NoSuchMethodException: com.japl.ea.query.privates.jpa.ParametroJPA.getFechaActualizacion()
	at java.base/java.lang.Class.getDeclaredMethod(Class.java:2434)
	at org.pyt.common.reflection.ReflectionUtils.getValueField(ReflectionUtils.java:152)
	... 7 more
org.pyt.common.exceptions.ReflectionException: No se encontro el metodo com.japl.ea.query.privates.jpa.ParametroJPA.getFechaEliminacion()
	at org.pyt.common.reflection.ReflectionUtils.getValueField(ReflectionUtils.java:159)
	at org.pyt.common.reflection.ReflectionUtils.lambda$0(ReflectionUtils.java:79)
	at java.base/java.util.ArrayList.forEach(ArrayList.java:1378)
	at org.pyt.common.reflection.ReflectionUtils.copy(ReflectionUtils.java:77)
	at com.japl.ea.query.implement.QuerySvc.lambda$0(QuerySvc.java:103)
	at java.base/java.util.ArrayList.forEach(ArrayList.java:1378)
	at com.japl.ea.query.implement.QuerySvc.gets(QuerySvc.java:103)
	at com.japl.ea.query.implement.QuerySvc.main(QuerySvc.java:292)
Caused by: java.lang.NoSuchMethodException: com.japl.ea.query.privates.jpa.ParametroJPA.getFechaEliminacion()
	at java.base/java.lang.Class.getDeclaredMethod(Class.java:2434)
	at org.pyt.common.reflection.ReflectionUtils.getValueField(ReflectionUtils.java:152)
	... 7 more
org.pyt.common.exceptions.ReflectionException: No se encontro el metodo com.japl.ea.query.privates.jpa.ParametroJPA.getCreador()
	at org.pyt.common.reflection.ReflectionUtils.getValueField(ReflectionUtils.java:159)
	at org.pyt.common.reflection.ReflectionUtils.lambda$0(ReflectionUtils.java:79)
	at java.base/java.util.ArrayList.forEach(ArrayList.java:1378)
	at org.pyt.common.reflection.ReflectionUtils.copy(ReflectionUtils.java:77)
	at com.japl.ea.query.implement.QuerySvc.lambda$0(QuerySvc.java:103)
	at java.base/java.util.ArrayList.forEach(ArrayList.java:1378)
	at com.japl.ea.query.implement.QuerySvc.gets(QuerySvc.java:103)
	at com.japl.ea.query.implement.QuerySvc.main(QuerySvc.java:292)
Caused by: java.lang.NoSuchMethodException: com.japl.ea.query.privates.jpa.ParametroJPA.getCreador()
	at java.base/java.lang.Class.getDeclaredMethod(Class.java:2434)
	at org.pyt.common.reflection.ReflectionUtils.getValueField(ReflectionUtils.java:152)
	... 7 more
org.pyt.common.exceptions.ReflectionException: No se encontro el metodo com.japl.ea.query.privates.jpa.ParametroJPA.getActualizador()
	at org.pyt.common.reflection.ReflectionUtils.getValueField(ReflectionUtils.java:159)
	at org.pyt.common.reflection.ReflectionUtils.lambda$0(ReflectionUtils.java:79)
	at java.base/java.util.ArrayList.forEach(ArrayList.java:1378)
	at org.pyt.common.reflection.ReflectionUtils.copy(ReflectionUtils.java:77)
	at com.japl.ea.query.implement.QuerySvc.lambda$0(QuerySvc.java:103)
	at java.base/java.util.ArrayList.forEach(ArrayList.java:1378)
	at com.japl.ea.query.implement.QuerySvc.gets(QuerySvc.java:103)
	at com.japl.ea.query.implement.QuerySvc.main(QuerySvc.java:292)
Caused by: java.lang.NoSuchMethodException: com.japl.ea.query.privates.jpa.ParametroJPA.getActualizador()
	at java.base/java.lang.Class.getDeclaredMethod(Class.java:2434)
	at org.pyt.common.reflection.ReflectionUtils.getValueField(ReflectionUtils.java:152)
	... 7 more
org.pyt.common.exceptions.ReflectionException: No se encontro el metodo com.japl.ea.query.privates.jpa.ParametroJPA.getEliminador()
	at org.pyt.common.reflection.ReflectionUtils.getValueField(ReflectionUtils.java:159)
	at org.pyt.common.reflection.ReflectionUtils.lambda$0(ReflectionUtils.java:79)
	at java.base/java.util.ArrayList.forEach(ArrayList.java:1378)
	at org.pyt.common.reflection.ReflectionUtils.copy(ReflectionUtils.java:77)
	at com.japl.ea.query.implement.QuerySvc.lambda$0(QuerySvc.java:103)
	at java.base/java.util.ArrayList.forEach(ArrayList.java:1378)
	at com.japl.ea.query.implement.QuerySvc.gets(QuerySvc.java:103)
	at com.japl.ea.query.implement.QuerySvc.main(QuerySvc.java:292)
Caused by: java.lang.NoSuchMethodException: com.japl.ea.query.privates.jpa.ParametroJPA.getEliminador()
	at java.base/java.lang.Class.getDeclaredMethod(Class.java:2434)
	at org.pyt.common.reflection.ReflectionUtils.getValueField(ReflectionUtils.java:152)
	... 7 more
org.pyt.common.exceptions.ReflectionException: No se encontro el metodo com.japl.ea.query.privates.jpa.ParametroJPA.getFechaCreacion()
	at org.pyt.common.reflection.ReflectionUtils.getValueField(ReflectionUtils.java:159)
	at org.pyt.common.reflection.ReflectionUtils.lambda$0(ReflectionUtils.java:79)
	at java.base/java.util.ArrayList.forEach(ArrayList.java:1378)
	at org.pyt.common.reflection.ReflectionUtils.copy(ReflectionUtils.java:77)
	at com.japl.ea.query.implement.QuerySvc.lambda$0(QuerySvc.java:103)
	at java.base/java.util.ArrayList.forEach(ArrayList.java:1378)
	at com.japl.ea.query.implement.QuerySvc.gets(QuerySvc.java:103)
	at com.japl.ea.query.implement.QuerySvc.main(QuerySvc.java:292)
Caused by: java.lang.NoSuchMethodException: com.japl.ea.query.privates.jpa.ParametroJPA.getFechaCreacion()
	at java.base/java.lang.Class.getDeclaredMethod(Class.java:2434)
	at org.pyt.common.reflection.ReflectionUtils.getValueField(ReflectionUtils.java:152)
	... 7 more
org.pyt.common.exceptions.ReflectionException: No se encontro el metodo com.japl.ea.query.privates.jpa.ParametroJPA.getFechaActualizacion()
	at org.pyt.common.reflection.ReflectionUtils.getValueField(ReflectionUtils.java:159)
	at org.pyt.common.reflection.ReflectionUtils.lambda$0(ReflectionUtils.java:79)
	at java.base/java.util.ArrayList.forEach(ArrayList.java:1378)
	at org.pyt.common.reflection.ReflectionUtils.copy(ReflectionUtils.java:77)
	at com.japl.ea.query.implement.QuerySvc.lambda$0(QuerySvc.java:103)
	at java.base/java.util.ArrayList.forEach(ArrayList.java:1378)
	at com.japl.ea.query.implement.QuerySvc.gets(QuerySvc.java:103)
	at com.japl.ea.query.implement.QuerySvc.main(QuerySvc.java:292)
Caused by: java.lang.NoSuchMethodException: com.japl.ea.query.privates.jpa.ParametroJPA.getFechaActualizacion()
	at java.base/java.lang.Class.getDeclaredMethod(Class.java:2434)
	at org.pyt.common.reflection.ReflectionUtils.getValueField(ReflectionUtils.java:152)
	... 7 more
org.pyt.common.exceptions.ReflectionException: No se encontro el metodo com.japl.ea.query.privates.jpa.ParametroJPA.getFechaEliminacion()
	at org.pyt.common.reflection.ReflectionUtils.getValueField(ReflectionUtils.java:159)
	at org.pyt.common.reflection.ReflectionUtils.lambda$0(ReflectionUtils.java:79)
	at java.base/java.util.ArrayList.forEach(ArrayList.java:1378)
	at org.pyt.common.reflection.ReflectionUtils.copy(ReflectionUtils.java:77)
	at com.japl.ea.query.implement.QuerySvc.lambda$0(QuerySvc.java:103)
	at java.base/java.util.ArrayList.forEach(ArrayList.java:1378)
	at com.japl.ea.query.implement.QuerySvc.gets(QuerySvc.java:103)
	at com.japl.ea.query.implement.QuerySvc.main(QuerySvc.java:292)
Caused by: java.lang.NoSuchMethodException: com.japl.ea.query.privates.jpa.ParametroJPA.getFechaEliminacion()
	at java.base/java.lang.Class.getDeclaredMethod(Class.java:2434)
	at org.pyt.common.reflection.ReflectionUtils.getValueField(ReflectionUtils.java:152)
	... 7 more
org.pyt.common.exceptions.ReflectionException: No se encontro el metodo com.japl.ea.query.privates.jpa.ParametroJPA.getCreador()
	at org.pyt.common.reflection.ReflectionUtils.getValueField(ReflectionUtils.java:159)
	at org.pyt.common.reflection.ReflectionUtils.lambda$0(ReflectionUtils.java:79)
	at java.base/java.util.ArrayList.forEach(ArrayList.java:1378)
	at org.pyt.common.reflection.ReflectionUtils.copy(ReflectionUtils.java:77)
	at com.japl.ea.query.implement.QuerySvc.lambda$0(QuerySvc.java:103)
	at java.base/java.util.ArrayList.forEach(ArrayList.java:1378)
	at com.japl.ea.query.implement.QuerySvc.gets(QuerySvc.java:103)
	at com.japl.ea.query.implement.QuerySvc.main(QuerySvc.java:292)
Caused by: java.lang.NoSuchMethodException: com.japl.ea.query.privates.jpa.ParametroJPA.getCreador()
	at java.base/java.lang.Class.getDeclaredMethod(Class.java:2434)
	at org.pyt.common.reflection.ReflectionUtils.getValueField(ReflectionUtils.java:152)
	... 7 more
org.pyt.common.exceptions.ReflectionException: No se encontro el metodo com.japl.ea.query.privates.jpa.ParametroJPA.getActualizador()
	at org.pyt.common.reflection.ReflectionUtils.getValueField(ReflectionUtils.java:159)
	at org.pyt.common.reflection.ReflectionUtils.lambda$0(ReflectionUtils.java:79)
	at java.base/java.util.ArrayList.forEach(ArrayList.java:1378)
	at org.pyt.common.reflection.ReflectionUtils.copy(ReflectionUtils.java:77)
	at com.japl.ea.query.implement.QuerySvc.lambda$0(QuerySvc.java:103)
	at java.base/java.util.ArrayList.forEach(ArrayList.java:1378)
	at com.japl.ea.query.implement.QuerySvc.gets(QuerySvc.java:103)
	at com.japl.ea.query.implement.QuerySvc.main(QuerySvc.java:292)
Caused by: java.lang.NoSuchMethodException: com.japl.ea.query.privates.jpa.ParametroJPA.getActualizador()
	at java.base/java.lang.Class.getDeclaredMethod(Class.java:2434)
	at org.pyt.common.reflection.ReflectionUtils.getValueField(ReflectionUtils.java:152)
	... 7 more
org.pyt.common.exceptions.ReflectionException: No se encontro el metodo com.japl.ea.query.privates.jpa.ParametroJPA.getEliminador()
	at org.pyt.common.reflection.ReflectionUtils.getValueField(ReflectionUtils.java:159)
	at org.pyt.common.reflection.ReflectionUtils.lambda$0(ReflectionUtils.java:79)
	at java.base/java.util.ArrayList.forEach(ArrayList.java:1378)
	at org.pyt.common.reflection.ReflectionUtils.copy(ReflectionUtils.java:77)
	at com.japl.ea.query.implement.QuerySvc.lambda$0(QuerySvc.java:103)
	at java.base/java.util.ArrayList.forEach(ArrayList.java:1378)
	at com.japl.ea.query.implement.QuerySvc.gets(QuerySvc.java:103)
	at com.japl.ea.query.implement.QuerySvc.main(QuerySvc.java:292)
Caused by: java.lang.NoSuchMethodException: com.japl.ea.query.privates.jpa.ParametroJPA.getEliminador()
	at java.base/java.lang.Class.getDeclaredMethod(Class.java:2434)
	at org.pyt.common.reflection.ReflectionUtils.getValueField(ReflectionUtils.java:152)
	... 7 more
org.pyt.common.exceptions.ReflectionException: No se encontro el metodo com.japl.ea.query.privates.jpa.ParametroJPA.getFechaCreacion()
	at org.pyt.common.reflection.ReflectionUtils.getValueField(ReflectionUtils.java:159)
	at org.pyt.common.reflection.ReflectionUtils.lambda$0(ReflectionUtils.java:79)
	at java.base/java.util.ArrayList.forEach(ArrayList.java:1378)
	at org.pyt.common.reflection.ReflectionUtils.copy(ReflectionUtils.java:77)
	at com.japl.ea.query.implement.QuerySvc.lambda$0(QuerySvc.java:103)
	at java.base/java.util.ArrayList.forEach(ArrayList.java:1378)
	at com.japl.ea.query.implement.QuerySvc.gets(QuerySvc.java:103)
	at com.japl.ea.query.implement.QuerySvc.main(QuerySvc.java:292)
Caused by: java.lang.NoSuchMethodException: com.japl.ea.query.privates.jpa.ParametroJPA.getFechaCreacion()
	at java.base/java.lang.Class.getDeclaredMethod(Class.java:2434)
	at org.pyt.common.reflection.ReflectionUtils.getValueField(ReflectionUtils.java:152)
	... 7 more
org.pyt.common.exceptions.ReflectionException: No se encontro el metodo com.japl.ea.query.privates.jpa.ParametroJPA.getFechaActualizacion()
	at org.pyt.common.reflection.ReflectionUtils.getValueField(ReflectionUtils.java:159)
	at org.pyt.common.reflection.ReflectionUtils.lambda$0(ReflectionUtils.java:79)
	at java.base/java.util.ArrayList.forEach(ArrayList.java:1378)
	at org.pyt.common.reflection.ReflectionUtils.copy(ReflectionUtils.java:77)
	at com.japl.ea.query.implement.QuerySvc.lambda$0(QuerySvc.java:103)
	at java.base/java.util.ArrayList.forEach(ArrayList.java:1378)
	at com.japl.ea.query.implement.QuerySvc.gets(QuerySvc.java:103)
	at com.japl.ea.query.implement.QuerySvc.main(QuerySvc.java:292)
Caused by: java.lang.NoSuchMethodException: com.japl.ea.query.privates.jpa.ParametroJPA.getFechaActualizacion()
	at java.base/java.lang.Class.getDeclaredMethod(Class.java:2434)
	at org.pyt.common.reflection.ReflectionUtils.getValueField(ReflectionUtils.java:152)
	... 7 more
org.pyt.common.exceptions.ReflectionException: No se encontro el metodo com.japl.ea.query.privates.jpa.ParametroJPA.getFechaEliminacion()
	at org.pyt.common.reflection.ReflectionUtils.getValueField(ReflectionUtils.java:159)
	at org.pyt.common.reflection.ReflectionUtils.lambda$0(ReflectionUtils.java:79)
	at java.base/java.util.ArrayList.forEach(ArrayList.java:1378)
	at org.pyt.common.reflection.ReflectionUtils.copy(ReflectionUtils.java:77)
	at com.japl.ea.query.implement.QuerySvc.lambda$0(QuerySvc.java:103)
	at java.base/java.util.ArrayList.forEach(ArrayList.java:1378)
	at com.japl.ea.query.implement.QuerySvc.gets(QuerySvc.java:103)
	at com.japl.ea.query.implement.QuerySvc.main(QuerySvc.java:292)
Caused by: java.lang.NoSuchMethodException: com.japl.ea.query.privates.jpa.ParametroJPA.getFechaEliminacion()
	at java.base/java.lang.Class.getDeclaredMethod(Class.java:2434)
	at org.pyt.common.reflection.ReflectionUtils.getValueField(ReflectionUtils.java:152)
	... 7 more
org.pyt.common.exceptions.ReflectionException: No se encontro el metodo com.japl.ea.query.privates.jpa.ParametroJPA.getCreador()
	at org.pyt.common.reflection.ReflectionUtils.getValueField(ReflectionUtils.java:159)
	at org.pyt.common.reflection.ReflectionUtils.lambda$0(ReflectionUtils.java:79)
	at java.base/java.util.ArrayList.forEach(ArrayList.java:1378)
	at org.pyt.common.reflection.ReflectionUtils.copy(ReflectionUtils.java:77)
	at com.japl.ea.query.implement.QuerySvc.lambda$0(QuerySvc.java:103)
	at java.base/java.util.ArrayList.forEach(ArrayList.java:1378)
	at com.japl.ea.query.implement.QuerySvc.gets(QuerySvc.java:103)
	at com.japl.ea.query.implement.QuerySvc.main(QuerySvc.java:292)
Caused by: java.lang.NoSuchMethodException: com.japl.ea.query.privates.jpa.ParametroJPA.getCreador()
	at java.base/java.lang.Class.getDeclaredMethod(Class.java:2434)
	at org.pyt.common.reflection.ReflectionUtils.getValueField(ReflectionUtils.java:152)
	... 7 more
org.pyt.common.exceptions.ReflectionException: No se encontro el metodo com.japl.ea.query.privates.jpa.ParametroJPA.getActualizador()
	at org.pyt.common.reflection.ReflectionUtils.getValueField(ReflectionUtils.java:159)
	at org.pyt.common.reflection.ReflectionUtils.lambda$0(ReflectionUtils.java:79)
	at java.base/java.util.ArrayList.forEach(ArrayList.java:1378)
	at org.pyt.common.reflection.ReflectionUtils.copy(ReflectionUtils.java:77)
	at com.japl.ea.query.implement.QuerySvc.lambda$0(QuerySvc.java:103)
	at java.base/java.util.ArrayList.forEach(ArrayList.java:1378)
	at com.japl.ea.query.implement.QuerySvc.gets(QuerySvc.java:103)
	at com.japl.ea.query.implement.QuerySvc.main(QuerySvc.java:292)
Caused by: java.lang.NoSuchMethodException: com.japl.ea.query.privates.jpa.ParametroJPA.getActualizador()
	at java.base/java.lang.Class.getDeclaredMethod(Class.java:2434)
	at org.pyt.common.reflection.ReflectionUtils.getValueField(ReflectionUtils.java:152)
	... 7 more
org.pyt.common.exceptions.ReflectionException: No se encontro el metodo com.japl.ea.query.privates.jpa.ParametroJPA.getEliminador()
	at org.pyt.common.reflection.ReflectionUtils.getValueField(ReflectionUtils.java:159)
	at org.pyt.common.reflection.ReflectionUtils.lambda$0(ReflectionUtils.java:79)
	at java.base/java.util.ArrayList.forEach(ArrayList.java:1378)
	at org.pyt.common.reflection.ReflectionUtils.copy(ReflectionUtils.java:77)
	at com.japl.ea.query.implement.QuerySvc.lambda$0(QuerySvc.java:103)
	at java.base/java.util.ArrayList.forEach(ArrayList.java:1378)
	at com.japl.ea.query.implement.QuerySvc.gets(QuerySvc.java:103)
	at com.japl.ea.query.implement.QuerySvc.main(QuerySvc.java:292)
Caused by: java.lang.NoSuchMethodException: com.japl.ea.query.privates.jpa.ParametroJPA.getEliminador()
	at java.base/java.lang.Class.getDeclaredMethod(Class.java:2434)
	at org.pyt.common.reflection.ReflectionUtils.getValueField(ReflectionUtils.java:152)
	... 7 more
org.pyt.common.exceptions.ReflectionException: No se encontro el metodo com.japl.ea.query.privates.jpa.ParametroJPA.getFechaCreacion()
	at org.pyt.common.reflection.ReflectionUtils.getValueField(ReflectionUtils.java:159)
	at org.pyt.common.reflection.ReflectionUtils.lambda$0(ReflectionUtils.java:79)
	at java.base/java.util.ArrayList.forEach(ArrayList.java:1378)
	at org.pyt.common.reflection.ReflectionUtils.copy(ReflectionUtils.java:77)
	at com.japl.ea.query.implement.QuerySvc.lambda$0(QuerySvc.java:103)
	at java.base/java.util.ArrayList.forEach(ArrayList.java:1378)
	at com.japl.ea.query.implement.QuerySvc.gets(QuerySvc.java:103)
	at com.japl.ea.query.implement.QuerySvc.main(QuerySvc.java:292)
Caused by: java.lang.NoSuchMethodException: com.japl.ea.query.privates.jpa.ParametroJPA.getFechaCreacion()
	at java.base/java.lang.Class.getDeclaredMethod(Class.java:2434)
	at org.pyt.common.reflection.ReflectionUtils.getValueField(ReflectionUtils.java:152)
	... 7 more
org.pyt.common.exceptions.ReflectionException: No se encontro el metodo com.japl.ea.query.privates.jpa.ParametroJPA.getFechaActualizacion()
	at org.pyt.common.reflection.ReflectionUtils.getValueField(ReflectionUtils.java:159)
	at org.pyt.common.reflection.ReflectionUtils.lambda$0(ReflectionUtils.java:79)
	at java.base/java.util.ArrayList.forEach(ArrayList.java:1378)
	at org.pyt.common.reflection.ReflectionUtils.copy(ReflectionUtils.java:77)
	at com.japl.ea.query.implement.QuerySvc.lambda$0(QuerySvc.java:103)
	at java.base/java.util.ArrayList.forEach(ArrayList.java:1378)
	at com.japl.ea.query.implement.QuerySvc.gets(QuerySvc.java:103)
	at com.japl.ea.query.implement.QuerySvc.main(QuerySvc.java:292)
Caused by: java.lang.NoSuchMethodException: com.japl.ea.query.privates.jpa.ParametroJPA.getFechaActualizacion()
	at java.base/java.lang.Class.getDeclaredMethod(Class.java:2434)
	at org.pyt.common.reflection.ReflectionUtils.getValueField(ReflectionUtils.java:152)
	... 7 more
org.pyt.common.exceptions.ReflectionException: No se encontro el metodo com.japl.ea.query.privates.jpa.ParametroJPA.getFechaEliminacion()
	at org.pyt.common.reflection.ReflectionUtils.getValueField(ReflectionUtils.java:159)
	at org.pyt.common.reflection.ReflectionUtils.lambda$0(ReflectionUtils.java:79)
	at java.base/java.util.ArrayList.forEach(ArrayList.java:1378)
	at org.pyt.common.reflection.ReflectionUtils.copy(ReflectionUtils.java:77)
	at com.japl.ea.query.implement.QuerySvc.lambda$0(QuerySvc.java:103)
	at java.base/java.util.ArrayList.forEach(ArrayList.java:1378)
	at com.japl.ea.query.implement.QuerySvc.gets(QuerySvc.java:103)
	at com.japl.ea.query.implement.QuerySvc.main(QuerySvc.java:292)
Caused by: java.lang.NoSuchMethodException: com.japl.ea.query.privates.jpa.ParametroJPA.getFechaEliminacion()
	at java.base/java.lang.Class.getDeclaredMethod(Class.java:2434)
	at org.pyt.common.reflection.ReflectionUtils.getValueField(ReflectionUtils.java:152)
	... 7 more
org.pyt.common.exceptions.ReflectionException: No se encontro el metodo com.japl.ea.query.privates.jpa.ParametroJPA.getCreador()
	at org.pyt.common.reflection.ReflectionUtils.getValueField(ReflectionUtils.java:159)
	at org.pyt.common.reflection.ReflectionUtils.lambda$0(ReflectionUtils.java:79)
	at java.base/java.util.ArrayList.forEach(ArrayList.java:1378)
	at org.pyt.common.reflection.ReflectionUtils.copy(ReflectionUtils.java:77)
	at com.japl.ea.query.implement.QuerySvc.lambda$0(QuerySvc.java:103)
	at java.base/java.util.ArrayList.forEach(ArrayList.java:1378)
	at com.japl.ea.query.implement.QuerySvc.gets(QuerySvc.java:103)
	at com.japl.ea.query.implement.QuerySvc.main(QuerySvc.java:292)
Caused by: java.lang.NoSuchMethodException: com.japl.ea.query.privates.jpa.ParametroJPA.getCreador()
	at java.base/java.lang.Class.getDeclaredMethod(Class.java:2434)
	at org.pyt.common.reflection.ReflectionUtils.getValueField(ReflectionUtils.java:152)
	... 7 more
org.pyt.common.exceptions.ReflectionException: No se encontro el metodo com.japl.ea.query.privates.jpa.ParametroJPA.getActualizador()
	at org.pyt.common.reflection.ReflectionUtils.getValueField(ReflectionUtils.java:159)
	at org.pyt.common.reflection.ReflectionUtils.lambda$0(ReflectionUtils.java:79)
	at java.base/java.util.ArrayList.forEach(ArrayList.java:1378)
	at org.pyt.common.reflection.ReflectionUtils.copy(ReflectionUtils.java:77)
	at com.japl.ea.query.implement.QuerySvc.lambda$0(QuerySvc.java:103)
	at java.base/java.util.ArrayList.forEach(ArrayList.java:1378)
	at com.japl.ea.query.implement.QuerySvc.gets(QuerySvc.java:103)
	at com.japl.ea.query.implement.QuerySvc.main(QuerySvc.java:292)
Caused by: java.lang.NoSuchMethodException: com.japl.ea.query.privates.jpa.ParametroJPA.getActualizador()
	at java.base/java.lang.Class.getDeclaredMethod(Class.java:2434)
	at org.pyt.common.reflection.ReflectionUtils.getValueField(ReflectionUtils.java:152)
	... 7 more
org.pyt.common.exceptions.ReflectionException: No se encontro el metodo com.japl.ea.query.privates.jpa.ParametroJPA.getEliminador()
	at org.pyt.common.reflection.ReflectionUtils.getValueField(ReflectionUtils.java:159)
	at org.pyt.common.reflection.ReflectionUtils.lambda$0(ReflectionUtils.java:79)
	at java.base/java.util.ArrayList.forEach(ArrayList.java:1378)
	at org.pyt.common.reflection.ReflectionUtils.copy(ReflectionUtils.java:77)
	at com.japl.ea.query.implement.QuerySvc.lambda$0(QuerySvc.java:103)
	at java.base/java.util.ArrayList.forEach(ArrayList.java:1378)
	at com.japl.ea.query.implement.QuerySvc.gets(QuerySvc.java:103)
	at com.japl.ea.query.implement.QuerySvc.main(QuerySvc.java:292)
Caused by: java.lang.NoSuchMethodException: com.japl.ea.query.privates.jpa.ParametroJPA.getEliminador()
	at java.base/java.lang.Class.getDeclaredMethod(Class.java:2434)
	at org.pyt.common.reflection.ReflectionUtils.getValueField(ReflectionUtils.java:152)
	... 7 more
org.pyt.common.exceptions.ReflectionException: No se encontro el metodo com.japl.ea.query.privates.jpa.ParametroJPA.getFechaCreacion()
	at org.pyt.common.reflection.ReflectionUtils.getValueField(ReflectionUtils.java:171)
	at org.pyt.common.reflection.ReflectionUtils.lambda$0(ReflectionUtils.java:79)
	at java.base/java.util.ArrayList.forEach(ArrayList.java:1378)
	at org.pyt.common.reflection.ReflectionUtils.copy(ReflectionUtils.java:77)
	at com.japl.ea.query.implement.QueryJPASvc.lambda$1(QueryJPASvc.java:101)
	at java.base/java.util.ArrayList.forEach(ArrayList.java:1378)
	at com.japl.ea.query.implement.QueryJPASvc.gets(QueryJPASvc.java:101)
	at com.japl.ea.query.implement.QueryJPASvc.main(QueryJPASvc.java:284)
Caused by: java.lang.NoSuchMethodException: com.japl.ea.query.privates.jpa.ParametroJPA.getFechaCreacion()
	at java.base/java.lang.Class.getDeclaredMethod(Class.java:2434)
	at org.pyt.common.reflection.ReflectionUtils.getValueField(ReflectionUtils.java:152)
	... 7 more
org.pyt.common.exceptions.ReflectionException: No se encontro el metodo com.japl.ea.query.privates.jpa.ParametroJPA.getFechaActualizacion()
	at org.pyt.common.reflection.ReflectionUtils.getValueField(ReflectionUtils.java:171)
	at org.pyt.common.reflection.ReflectionUtils.lambda$0(ReflectionUtils.java:79)
	at java.base/java.util.ArrayList.forEach(ArrayList.java:1378)
	at org.pyt.common.reflection.ReflectionUtils.copy(ReflectionUtils.java:77)
	at com.japl.ea.query.implement.QueryJPASvc.lambda$1(QueryJPASvc.java:101)
	at java.base/java.util.ArrayList.forEach(ArrayList.java:1378)
	at com.japl.ea.query.implement.QueryJPASvc.gets(QueryJPASvc.java:101)
	at com.japl.ea.query.implement.QueryJPASvc.main(QueryJPASvc.java:284)
Caused by: java.lang.NoSuchMethodException: com.japl.ea.query.privates.jpa.ParametroJPA.getFechaActualizacion()
	at java.base/java.lang.Class.getDeclaredMethod(Class.java:2434)
	at org.pyt.common.reflection.ReflectionUtils.getValueField(ReflectionUtils.java:152)
	... 7 more
org.pyt.common.exceptions.ReflectionException: No se encontro el metodo com.japl.ea.query.privates.jpa.ParametroJPA.getFechaEliminacion()
	at org.pyt.common.reflection.ReflectionUtils.getValueField(ReflectionUtils.java:171)
	at org.pyt.common.reflection.ReflectionUtils.lambda$0(ReflectionUtils.java:79)
	at java.base/java.util.ArrayList.forEach(ArrayList.java:1378)
	at org.pyt.common.reflection.ReflectionUtils.copy(ReflectionUtils.java:77)
	at com.japl.ea.query.implement.QueryJPASvc.lambda$1(QueryJPASvc.java:101)
	at java.base/java.util.ArrayList.forEach(ArrayList.java:1378)
	at com.japl.ea.query.implement.QueryJPASvc.gets(QueryJPASvc.java:101)
	at com.japl.ea.query.implement.QueryJPASvc.main(QueryJPASvc.java:284)
Caused by: java.lang.NoSuchMethodException: com.japl.ea.query.privates.jpa.ParametroJPA.getFechaEliminacion()
	at java.base/java.lang.Class.getDeclaredMethod(Class.java:2434)
	at org.pyt.common.reflection.ReflectionUtils.getValueField(ReflectionUtils.java:152)
	... 7 more
org.pyt.common.exceptions.ReflectionException: No se encontro el metodo com.japl.ea.query.privates.jpa.ParametroJPA.getCreador()
	at org.pyt.common.reflection.ReflectionUtils.getValueField(ReflectionUtils.java:171)
	at org.pyt.common.reflection.ReflectionUtils.lambda$0(ReflectionUtils.java:79)
	at java.base/java.util.ArrayList.forEach(ArrayList.java:1378)
	at org.pyt.common.reflection.ReflectionUtils.copy(ReflectionUtils.java:77)
	at com.japl.ea.query.implement.QueryJPASvc.lambda$1(QueryJPASvc.java:101)
	at java.base/java.util.ArrayList.forEach(ArrayList.java:1378)
	at com.japl.ea.query.implement.QueryJPASvc.gets(QueryJPASvc.java:101)
	at com.japl.ea.query.implement.QueryJPASvc.main(QueryJPASvc.java:284)
Caused by: java.lang.NoSuchMethodException: com.japl.ea.query.privates.jpa.ParametroJPA.getCreador()
	at java.base/java.lang.Class.getDeclaredMethod(Class.java:2434)
	at org.pyt.common.reflection.ReflectionUtils.getValueField(ReflectionUtils.java:152)
	... 7 more
org.pyt.common.exceptions.ReflectionException: No se encontro el metodo com.japl.ea.query.privates.jpa.ParametroJPA.getActualizador()
	at org.pyt.common.reflection.ReflectionUtils.getValueField(ReflectionUtils.java:171)
	at org.pyt.common.reflection.ReflectionUtils.lambda$0(ReflectionUtils.java:79)
	at java.base/java.util.ArrayList.forEach(ArrayList.java:1378)
	at org.pyt.common.reflection.ReflectionUtils.copy(ReflectionUtils.java:77)
	at com.japl.ea.query.implement.QueryJPASvc.lambda$1(QueryJPASvc.java:101)
	at java.base/java.util.ArrayList.forEach(ArrayList.java:1378)
	at com.japl.ea.query.implement.QueryJPASvc.gets(QueryJPASvc.java:101)
	at com.japl.ea.query.implement.QueryJPASvc.main(QueryJPASvc.java:284)
Caused by: java.lang.NoSuchMethodException: com.japl.ea.query.privates.jpa.ParametroJPA.getActualizador()
	at java.base/java.lang.Class.getDeclaredMethod(Class.java:2434)
	at org.pyt.common.reflection.ReflectionUtils.getValueField(ReflectionUtils.java:152)
	... 7 more
org.pyt.common.exceptions.ReflectionException: No se encontro el metodo com.japl.ea.query.privates.jpa.ParametroJPA.getEliminador()
	at org.pyt.common.reflection.ReflectionUtils.getValueField(ReflectionUtils.java:171)
	at org.pyt.common.reflection.ReflectionUtils.lambda$0(ReflectionUtils.java:79)
	at java.base/java.util.ArrayList.forEach(ArrayList.java:1378)
	at org.pyt.common.reflection.ReflectionUtils.copy(ReflectionUtils.java:77)
	at com.japl.ea.query.implement.QueryJPASvc.lambda$1(QueryJPASvc.java:101)
	at java.base/java.util.ArrayList.forEach(ArrayList.java:1378)
	at com.japl.ea.query.implement.QueryJPASvc.gets(QueryJPASvc.java:101)
	at com.japl.ea.query.implement.QueryJPASvc.main(QueryJPASvc.java:284)
Caused by: java.lang.NoSuchMethodException: com.japl.ea.query.privates.jpa.ParametroJPA.getEliminador()
	at java.base/java.lang.Class.getDeclaredMethod(Class.java:2434)
	at org.pyt.common.reflection.ReflectionUtils.getValueField(ReflectionUtils.java:152)
	... 7 more
org.pyt.common.exceptions.ReflectionException: No se encuentro el campo codigo
	at org.pyt.common.reflection.ReflectionUtils.getValueField(ReflectionUtils.java:155)
	at org.pyt.common.reflection.ReflectionUtils.lambda$0(ReflectionUtils.java:79)
	at java.base/java.util.ArrayList.forEach(ArrayList.java:1378)
	at org.pyt.common.reflection.ReflectionUtils.copy(ReflectionUtils.java:77)
	at com.japl.ea.query.implement.QueryJPASvc.lambda$1(QueryJPASvc.java:72)
	at java.base/java.util.ArrayList.forEach(ArrayList.java:1378)
	at com.japl.ea.query.implement.QueryJPASvc.gets(QueryJPASvc.java:72)
	at com.japl.ea.query.implement.QueryJPASvc.main(QueryJPASvc.java:246)
Caused by: java.lang.NoSuchFieldException: codigo
	at java.base/java.lang.Class.getDeclaredField(Class.java:2370)
	at org.pyt.common.reflection.ReflectionUtils.getValueField(ReflectionUtils.java:149)
	... 7 more
org.pyt.common.exceptions.ReflectionException: No se encuentro el campo fechaCreacion
	at org.pyt.common.reflection.ReflectionUtils.getValueField(ReflectionUtils.java:155)
	at org.pyt.common.reflection.ReflectionUtils.lambda$0(ReflectionUtils.java:79)
	at java.base/java.util.ArrayList.forEach(ArrayList.java:1378)
	at org.pyt.common.reflection.ReflectionUtils.copy(ReflectionUtils.java:77)
	at com.japl.ea.query.implement.QueryJPASvc.lambda$1(QueryJPASvc.java:72)
	at java.base/java.util.ArrayList.forEach(ArrayList.java:1378)
	at com.japl.ea.query.implement.QueryJPASvc.gets(QueryJPASvc.java:72)
	at com.japl.ea.query.implement.QueryJPASvc.main(QueryJPASvc.java:246)
Caused by: java.lang.NoSuchFieldException: fechaCreacion
	at java.base/java.lang.Class.getDeclaredField(Class.java:2370)
	at org.pyt.common.reflection.ReflectionUtils.getValueField(ReflectionUtils.java:149)
	... 7 more
org.pyt.common.exceptions.ReflectionException: No se encuentro el campo fechaActualizacion
	at org.pyt.common.reflection.ReflectionUtils.getValueField(ReflectionUtils.java:155)
	at org.pyt.common.reflection.ReflectionUtils.lambda$0(ReflectionUtils.java:79)
	at java.base/java.util.ArrayList.forEach(ArrayList.java:1378)
	at org.pyt.common.reflection.ReflectionUtils.copy(ReflectionUtils.java:77)
	at com.japl.ea.query.implement.QueryJPASvc.lambda$1(QueryJPASvc.java:72)
	at java.base/java.util.ArrayList.forEach(ArrayList.java:1378)
	at com.japl.ea.query.implement.QueryJPASvc.gets(QueryJPASvc.java:72)
	at com.japl.ea.query.implement.QueryJPASvc.main(QueryJPASvc.java:246)
Caused by: java.lang.NoSuchFieldException: fechaActualizacion
	at java.base/java.lang.Class.getDeclaredField(Class.java:2370)
	at org.pyt.common.reflection.ReflectionUtils.getValueField(ReflectionUtils.java:149)
	... 7 more
org.pyt.common.exceptions.ReflectionException: No se encuentro el campo fechaEliminacion
	at org.pyt.common.reflection.ReflectionUtils.getValueField(ReflectionUtils.java:155)
	at org.pyt.common.reflection.ReflectionUtils.lambda$0(ReflectionUtils.java:79)
	at java.base/java.util.ArrayList.forEach(ArrayList.java:1378)
	at org.pyt.common.reflection.ReflectionUtils.copy(ReflectionUtils.java:77)
	at com.japl.ea.query.implement.QueryJPASvc.lambda$1(QueryJPASvc.java:72)
	at java.base/java.util.ArrayList.forEach(ArrayList.java:1378)
	at com.japl.ea.query.implement.QueryJPASvc.gets(QueryJPASvc.java:72)
	at com.japl.ea.query.implement.QueryJPASvc.main(QueryJPASvc.java:246)
Caused by: java.lang.NoSuchFieldException: fechaEliminacion
	at java.base/java.lang.Class.getDeclaredField(Class.java:2370)
	at org.pyt.common.reflection.ReflectionUtils.getValueField(ReflectionUtils.java:149)
	... 7 more
org.pyt.common.exceptions.ReflectionException: No se encuentro el campo creador
	at org.pyt.common.reflection.ReflectionUtils.getValueField(ReflectionUtils.java:155)
	at org.pyt.common.reflection.ReflectionUtils.lambda$0(ReflectionUtils.java:79)
	at java.base/java.util.ArrayList.forEach(ArrayList.java:1378)
	at org.pyt.common.reflection.ReflectionUtils.copy(ReflectionUtils.java:77)
	at com.japl.ea.query.implement.QueryJPASvc.lambda$1(QueryJPASvc.java:72)
	at java.base/java.util.ArrayList.forEach(ArrayList.java:1378)
	at com.japl.ea.query.implement.QueryJPASvc.gets(QueryJPASvc.java:72)
	at com.japl.ea.query.implement.QueryJPASvc.main(QueryJPASvc.java:246)
Caused by: java.lang.NoSuchFieldException: creador
	at java.base/java.lang.Class.getDeclaredField(Class.java:2370)
	at org.pyt.common.reflection.ReflectionUtils.getValueField(ReflectionUtils.java:149)
	... 7 more
org.pyt.common.exceptions.ReflectionException: No se encuentro el campo actualizador
	at org.pyt.common.reflection.ReflectionUtils.getValueField(ReflectionUtils.java:155)
	at org.pyt.common.reflection.ReflectionUtils.lambda$0(ReflectionUtils.java:79)
	at java.base/java.util.ArrayList.forEach(ArrayList.java:1378)
	at org.pyt.common.reflection.ReflectionUtils.copy(ReflectionUtils.java:77)
	at com.japl.ea.query.implement.QueryJPASvc.lambda$1(QueryJPASvc.java:72)
	at java.base/java.util.ArrayList.forEach(ArrayList.java:1378)
	at com.japl.ea.query.implement.QueryJPASvc.gets(QueryJPASvc.java:72)
	at com.japl.ea.query.implement.QueryJPASvc.main(QueryJPASvc.java:246)
Caused by: java.lang.NoSuchFieldException: actualizador
	at java.base/java.lang.Class.getDeclaredField(Class.java:2370)
	at org.pyt.common.reflection.ReflectionUtils.getValueField(ReflectionUtils.java:149)
	... 7 more
org.pyt.common.exceptions.ReflectionException: No se encuentro el campo eliminador
	at org.pyt.common.reflection.ReflectionUtils.getValueField(ReflectionUtils.java:155)
	at org.pyt.common.reflection.ReflectionUtils.lambda$0(ReflectionUtils.java:79)
	at java.base/java.util.ArrayList.forEach(ArrayList.java:1378)
	at org.pyt.common.reflection.ReflectionUtils.copy(ReflectionUtils.java:77)
	at com.japl.ea.query.implement.QueryJPASvc.lambda$1(QueryJPASvc.java:72)
	at java.base/java.util.ArrayList.forEach(ArrayList.java:1378)
	at com.japl.ea.query.implement.QueryJPASvc.gets(QueryJPASvc.java:72)
	at com.japl.ea.query.implement.QueryJPASvc.main(QueryJPASvc.java:246)
Caused by: java.lang.NoSuchFieldException: eliminador
	at java.base/java.lang.Class.getDeclaredField(Class.java:2370)
	at org.pyt.common.reflection.ReflectionUtils.getValueField(ReflectionUtils.java:149)
	... 7 more
