2018-10-30 22:48:03 org.pyt.app.load.Template : INFO : Cargando ventana principal
2018-10-30 22:48:21 org.pyt.app.beans.parametros.ParametrosBean : ERROR : No se encontro el controlador ParametrosBean solicitado.
2018-10-30 22:48:21 org.pyt.app.beans.parametros.ParametrosBean : ERROR : No se encontro el controlador ParametrosBean solicitado.
2018-10-30 22:48:41 org.pyt.app.load.Template : INFO : Cargando ventana principal
2018-10-30 22:51:18 org.pyt.app.load.Template : INFO : Cargando ventana principal
2018-10-30 23:12:14 org.pyt.app.load.Template : INFO : Cargando ventana principal
2018-10-30 23:12:19 org.pyt.common.proccesor.LocatorController : INFO : Clase a cargar :: org.pyt.app.beans.controllers.ParametrosBeanController
2018-10-30 23:12:19 org.pyt.common.proccesor.LocatorController : INFO : Clase a cargar :: org.pyt.app.beans.controllers.ParametrosBeanController
2018-10-30 23:12:26 org.pyt.common.proccesor.LocatorController : INFO : Clase a cargar :: org.pyt.app.beans.controllers.ConfirmPopupBeanController
2018-10-30 23:12:26 org.pyt.common.proccesor.LocatorController : INFO : Clase a cargar :: org.pyt.app.beans.controllers.ConfirmPopupBeanController
2018-10-30 23:12:30 org.pyt.common.proccesor.LocatorController : INFO : Clase a cargar :: org.pyt.app.beans.controllers.ConfirmPopupBeanController
2018-10-30 23:12:30 org.pyt.common.proccesor.LocatorController : INFO : Clase a cargar :: org.pyt.app.beans.controllers.ConfirmPopupBeanController
2018-10-30 23:13:18 org.pyt.app.load.Template : INFO : Cargando ventana principal
2018-10-30 23:13:21 org.pyt.common.proccesor.LocatorController : INFO : Clase a cargar :: org.pyt.app.beans.controllers.ParametrosBeanController
2018-10-30 23:13:21 org.pyt.common.proccesor.LocatorController : INFO : Clase a cargar :: org.pyt.app.beans.controllers.ParametrosBeanController
2018-10-30 23:13:26 org.pyt.common.proccesor.LocatorController : INFO : Clase a cargar :: org.pyt.app.beans.controllers.ConfirmPopupBeanController
2018-10-30 23:13:26 org.pyt.common.proccesor.LocatorController : INFO : Clase a cargar :: org.pyt.app.beans.controllers.ConfirmPopupBeanController
2018-10-30 23:16:58 org.pyt.app.load.Template : INFO : Cargando ventana principal
2018-10-30 23:17:02 org.pyt.common.proccesor.LocatorController : INFO : Clase a cargar :: org.pyt.app.beans.controllers.ParametrosBeanController
2018-10-30 23:17:02 org.pyt.common.proccesor.LocatorController : INFO : Clase a cargar :: org.pyt.app.beans.controllers.ParametrosBeanController
2018-10-30 23:17:06 org.pyt.common.proccesor.LocatorController : INFO : Clase a cargar :: org.pyt.app.beans.controllers.ConfirmPopupBeanController
2018-10-30 23:17:06 org.pyt.common.proccesor.LocatorController : INFO : Clase a cargar :: org.pyt.app.beans.controllers.ConfirmPopupBeanController
2018-10-30 23:18:52 org.pyt.app.load.Template : INFO : Cargando ventana principal
2018-10-30 23:18:55 org.pyt.common.proccesor.LocatorController : INFO : Clase a cargar :: org.pyt.app.beans.controllers.ParametrosBeanController
2018-10-30 23:18:55 org.pyt.common.proccesor.LocatorController : INFO : Clase a cargar :: org.pyt.app.beans.controllers.ParametrosBeanController
2018-10-30 23:18:58 org.pyt.common.proccesor.LocatorController : INFO : Clase a cargar :: org.pyt.app.beans.controllers.ConfirmPopupBeanController
2018-10-30 23:18:58 org.pyt.common.proccesor.LocatorController : INFO : Clase a cargar :: org.pyt.app.beans.controllers.ConfirmPopupBeanController
2018-10-30 23:19:00 org.pyt.common.proccesor.LocatorController : INFO : Buscando ParametrosBean.delete
2018-10-30 23:21:02 org.pyt.app.load.Template : INFO : Cargando ventana principal
2018-10-30 23:21:06 org.pyt.common.proccesor.LocatorController : INFO : Clase a cargar :: org.pyt.app.beans.controllers.ParametrosBeanController
2018-10-30 23:21:06 org.pyt.common.proccesor.LocatorController : INFO : Clase a cargar :: org.pyt.app.beans.controllers.ParametrosBeanController
2018-10-30 23:21:10 org.pyt.common.proccesor.LocatorController : INFO : Clase a cargar :: org.pyt.app.beans.controllers.ConfirmPopupBeanController
2018-10-30 23:21:10 org.pyt.common.proccesor.LocatorController : INFO : Clase a cargar :: org.pyt.app.beans.controllers.ConfirmPopupBeanController
2018-10-30 23:21:12 org.pyt.common.proccesor.LocatorController : INFO : Buscando #{ParametrosBean.delete}
2018-10-30 23:21:12 org.pyt.common.proccesor.LocatorController : INFO : Clase a cargar :: org.pyt.app.beans.controllers.ParametrosBeanController
2018-10-30 23:21:12 org.pyt.common.proccesor.LocatorController : INFO : setDelete
2018-10-30 23:21:12 org.pyt.common.proccesor.LocatorController : INFO : Clase a cargar :: org.pyt.app.beans.controllers.PopupBeanController
2018-10-30 23:21:12 org.pyt.common.proccesor.LocatorController : INFO : Clase a cargar :: org.pyt.app.beans.controllers.PopupBeanController
2018-10-30 23:21:13 org.pyt.common.proccesor.LocatorController : INFO : Clase a cargar :: org.pyt.app.beans.controllers.PopupBeanController
2018-10-30 23:29:48 org.pyt.app.load.Template : INFO : Cargando ventana principal
2018-10-30 23:29:54 org.pyt.common.proccesor.LocatorController : INFO : Clase a cargar :: org.pyt.app.beans.controllers.ParametrosBeanController
2018-10-30 23:29:54 org.pyt.common.proccesor.LocatorController : INFO : Clase a cargar :: org.pyt.app.beans.controllers.ParametrosBeanController
2018-10-30 23:33:34 org.pyt.common.proccesor.LocatorController : INFO : Clase a cargar :: org.pyt.app.beans.controllers.ListaDocumentosBeanController
2018-10-30 23:33:34 org.pyt.common.proccesor.LocatorController : INFO : Clase a cargar :: org.pyt.app.beans.controllers.ListaDocumentosBeanController
2018-10-30 23:33:38 org.pyt.common.proccesor.LocatorController : INFO : Clase a cargar :: org.pyt.app.beans.controllers.PanelBeanController
2018-10-30 23:33:38 org.pyt.app.beans.dinamico.PanelBean : ERROR : null
2018-10-30 23:33:38 org.pyt.common.proccesor.LocatorController : INFO : Clase a cargar :: org.pyt.app.beans.controllers.DocumentoDinamicoController
2018-10-30 23:33:38 org.pyt.common.proccesor.LocatorController : INFO : Clase a cargar :: org.pyt.app.beans.controllers.DocumentoBeanController
2018-10-30 23:33:38 org.pyt.common.proccesor.LocatorController : INFO : Clase a cargar :: org.pyt.app.beans.controllers.DocumentoDinamicoController
2018-10-30 23:33:38 org.pyt.common.proccesor.LocatorController : INFO : Clase a cargar :: org.pyt.app.beans.controllers.DocumentoBeanController
2018-10-30 23:33:38 org.pyt.common.reflection.ReflectionUtils : ERROR : java.lang.Class.<init>()
2018-10-30 23:33:40 org.pyt.common.proccesor.LocatorController : INFO : Clase a cargar :: org.pyt.app.beans.controllers.ListaDocumentosBeanController
2018-10-30 23:33:40 org.pyt.common.proccesor.LocatorController : INFO : Clase a cargar :: org.pyt.app.beans.controllers.ListaDocumentosBeanController
2018-10-30 23:39:30 org.pyt.app.load.Template : INFO : Cargando ventana principal
2018-10-30 23:39:36 org.pyt.common.proccesor.LocatorController : INFO : Clase a cargar :: org.pyt.app.beans.controllers.ParametrosBeanController
2018-10-30 23:39:36 org.pyt.common.proccesor.LocatorController : INFO : Clase a cargar :: org.pyt.app.beans.controllers.ParametrosBeanController
2018-10-30 23:39:56 org.pyt.common.proccesor.LocatorController : INFO : Clase a cargar :: org.pyt.app.beans.controllers.ConfirmPopupBeanController
2018-10-30 23:39:56 org.pyt.common.proccesor.LocatorController : INFO : Clase a cargar :: org.pyt.app.beans.controllers.ConfirmPopupBeanController
2018-10-30 23:39:58 org.pyt.common.proccesor.LocatorController : INFO : Clase a cargar :: org.pyt.app.beans.controllers.ParametrosBeanController
2018-10-30 23:39:58 org.pyt.common.proccesor.LocatorController : INFO : Clase a cargar :: org.pyt.app.beans.controllers.PopupBeanController
2018-10-30 23:39:58 org.pyt.common.proccesor.LocatorController : INFO : Clase a cargar :: org.pyt.app.beans.controllers.PopupBeanController
2018-10-30 23:40:00 org.pyt.common.proccesor.LocatorController : INFO : Clase a cargar :: org.pyt.app.beans.controllers.PopupBeanController
2018-10-30 23:42:19 org.pyt.app.load.Template : INFO : Cargando ventana principal
2018-10-30 23:42:22 org.pyt.common.proccesor.LocatorController : INFO : Clase a cargar :: org.pyt.app.beans.controllers.ParametrosBeanController
2018-10-30 23:42:22 org.pyt.common.proccesor.LocatorController : INFO : Clase a cargar :: org.pyt.app.beans.controllers.ParametrosBeanController
2018-10-30 23:42:30 org.pyt.common.proccesor.LocatorController : INFO : Clase a cargar :: org.pyt.app.beans.controllers.ConfirmPopupBeanController
2018-10-30 23:42:30 org.pyt.common.proccesor.LocatorController : INFO : Clase a cargar :: org.pyt.app.beans.controllers.ConfirmPopupBeanController
2018-10-30 23:42:31 org.pyt.common.proccesor.LocatorController : INFO : Clase a cargar :: org.pyt.app.beans.controllers.ParametrosBeanController
2018-10-30 23:42:31 org.pyt.common.proccesor.LocatorController : INFO : Clase a cargar :: org.pyt.app.beans.controllers.PopupBeanController
2018-10-30 23:42:31 org.pyt.common.proccesor.LocatorController : INFO : Clase a cargar :: org.pyt.app.beans.controllers.PopupBeanController
2018-10-30 23:42:33 org.pyt.common.proccesor.LocatorController : INFO : Clase a cargar :: org.pyt.app.beans.controllers.PopupBeanController
2018-10-30 23:46:07 org.pyt.app.load.Template : INFO : Cargando ventana principal
2018-10-30 23:46:11 org.pyt.common.proccesor.LocatorController : INFO : Clase a cargar :: org.pyt.app.beans.controllers.ListaDocumentosBeanController
2018-10-30 23:46:11 org.pyt.app.beans.dinamico.ListaDocumentosBean : ERROR : No se encontro el controlador ListaDocumentosBean solicitado.
2018-10-30 23:46:11 org.pyt.common.proccesor.LocatorController : INFO : Clase a cargar :: org.pyt.app.beans.controllers.ListaDocumentosBeanController
2018-10-30 23:46:11 org.pyt.app.beans.dinamico.ListaDocumentosBean : ERROR : No se encontro el controlador ListaDocumentosBean solicitado.
2018-10-30 23:46:21 org.pyt.common.proccesor.LocatorController : INFO : Clase a cargar :: org.pyt.app.beans.controllers.ListIngresosBeanController
2018-10-30 23:46:21 org.pyt.app.beans.GuiaIngresos.ListIngresosBean : ERROR : No se encontro el controlador ListIngresosBean solicitado.
2018-10-30 23:46:21 org.pyt.common.proccesor.LocatorController : INFO : Clase a cargar :: org.pyt.app.beans.controllers.ListIngresosBeanController
2018-10-30 23:46:21 org.pyt.app.beans.GuiaIngresos.ListIngresosBean : ERROR : No se encontro el controlador ListIngresosBean solicitado.
