java.io.IOException: Could not find resource /C:/Users/Ingeneo/git/easy_accounting/pyt-contabilidad/ea-mybatis/target/classes/SqlMapCongif.xml
	at org.apache.ibatis.io.Resources.getResourceAsStream(Resources.java:114)
	at org.apache.ibatis.io.Resources.getResourceAsStream(Resources.java:100)
	at org.apache.ibatis.io.Resources.getResourceAsReader(Resources.java:160)
	at co.com.japl.ea.mybatis.privates.ConnectionMyBatis.<init>(ConnectionMyBatis.java:18)
	at co.com.japl.ea.mybatis.impl.QueryMyBatisSvc.<init>(QueryMyBatisSvc.java:28)
	at Main.main(Main.java:12)
java.io.IOException: Could not find resource /C:/Users/Ingeneo/git/easy_accounting/pyt-contabilidad/ea-mybatis/target/classes/SqlMapCongif.xml
	at org.apache.ibatis.io.Resources.getResourceAsStream(Resources.java:114)
	at org.apache.ibatis.io.Resources.getResourceAsStream(Resources.java:100)
	at org.apache.ibatis.io.Resources.getResourceAsReader(Resources.java:160)
	at co.com.japl.ea.mybatis.privates.ConnectionMyBatis.<init>(ConnectionMyBatis.java:19)
	at co.com.japl.ea.mybatis.impl.QueryMyBatisSvc.<init>(QueryMyBatisSvc.java:28)
	at Main.main(Main.java:12)
java.io.IOException: Could not find resource /C:/Users/Ingeneo/git/easy_accounting/pyt-contabilidad/ea-mybatis/target/classes/SqlMapCongif.xml
	at org.apache.ibatis.io.Resources.getResourceAsStream(Resources.java:114)
	at org.apache.ibatis.io.Resources.getResourceAsStream(Resources.java:100)
	at org.apache.ibatis.io.Resources.getResourceAsReader(Resources.java:160)
	at co.com.japl.ea.mybatis.privates.ConnectionMyBatis.<init>(ConnectionMyBatis.java:19)
	at co.com.japl.ea.mybatis.impl.QueryMyBatisSvc.<init>(QueryMyBatisSvc.java:28)
	at Main.main(Main.java:12)
java.io.IOException: Could not find resource C:/Users/Ingeneo/git/easy_accounting/pyt-contabilidad/ea-mybatis/target/classes/SqlMapCongif.xml
	at org.apache.ibatis.io.Resources.getResourceAsStream(Resources.java:114)
	at org.apache.ibatis.io.Resources.getResourceAsStream(Resources.java:100)
	at org.apache.ibatis.io.Resources.getResourceAsReader(Resources.java:160)
	at co.com.japl.ea.mybatis.privates.ConnectionMyBatis.<init>(ConnectionMyBatis.java:19)
	at co.com.japl.ea.mybatis.impl.QueryMyBatisSvc.<init>(QueryMyBatisSvc.java:28)
	at Main.main(Main.java:12)
java.io.IOException: Could not find resource C:/Users/Ingeneo/git/easy_accounting/pyt-contabilidad/ea-mybatis/target/classes/SqlMapCongif.xml
	at org.apache.ibatis.io.Resources.getResourceAsStream(Resources.java:114)
	at org.apache.ibatis.io.Resources.getResourceAsStream(Resources.java:100)
	at org.apache.ibatis.io.Resources.getResourceAsReader(Resources.java:160)
	at co.com.japl.ea.mybatis.privates.ConnectionMyBatis.<init>(ConnectionMyBatis.java:19)
	at co.com.japl.ea.mybatis.impl.QueryMyBatisSvc.<init>(QueryMyBatisSvc.java:28)
	at Main.main(Main.java:12)
java.io.IOException: Could not find resource SqlMapCongif.xml
	at org.apache.ibatis.io.Resources.getResourceAsStream(Resources.java:114)
	at org.apache.ibatis.io.Resources.getResourceAsStream(Resources.java:100)
	at org.apache.ibatis.io.Resources.getResourceAsReader(Resources.java:160)
	at co.com.japl.ea.mybatis.privates.ConnectionMyBatis.<init>(ConnectionMyBatis.java:19)
	at co.com.japl.ea.mybatis.impl.QueryMyBatisSvc.<init>(QueryMyBatisSvc.java:28)
	at Main.main(Main.java:12)
java.io.IOException: Could not find resource SqlMapCongif.xml
	at org.apache.ibatis.io.Resources.getResourceAsStream(Resources.java:114)
	at org.apache.ibatis.io.Resources.getResourceAsStream(Resources.java:100)
	at org.apache.ibatis.io.Resources.getResourceAsReader(Resources.java:160)
	at co.com.japl.ea.mybatis.privates.ConnectionMyBatis.<init>(ConnectionMyBatis.java:19)
	at co.com.japl.ea.mybatis.impl.QueryMyBatisSvc.<init>(QueryMyBatisSvc.java:28)
	at Main.main(Main.java:12)
java.io.IOException: Could not find resource ./SqlMapCongif.xml
	at org.apache.ibatis.io.Resources.getResourceAsStream(Resources.java:114)
	at org.apache.ibatis.io.Resources.getResourceAsStream(Resources.java:100)
	at org.apache.ibatis.io.Resources.getResourceAsReader(Resources.java:160)
	at co.com.japl.ea.mybatis.privates.ConnectionMyBatis.<init>(ConnectionMyBatis.java:19)
	at co.com.japl.ea.mybatis.impl.QueryMyBatisSvc.<init>(QueryMyBatisSvc.java:28)
	at Main.main(Main.java:12)
java.io.IOException: Could not find resource SqlMapCongif.xml
	at org.apache.ibatis.io.Resources.getResourceAsStream(Resources.java:114)
	at org.apache.ibatis.io.Resources.getResourceAsReader(Resources.java:178)
	at co.com.japl.ea.mybatis.privates.ConnectionMyBatis.<init>(ConnectionMyBatis.java:19)
	at co.com.japl.ea.mybatis.impl.QueryMyBatisSvc.<init>(QueryMyBatisSvc.java:28)
	at Main.main(Main.java:12)
java.lang.ClassNotFoundException: co.com.japl.ea.mybatis.privates.interfaces.com.pyt.service.dto.Parametro
	at java.base/jdk.internal.loader.BuiltinClassLoader.loadClass(BuiltinClassLoader.java:582)
	at java.base/jdk.internal.loader.ClassLoaders$AppClassLoader.loadClass(ClassLoaders.java:190)
	at java.base/java.lang.ClassLoader.loadClass(ClassLoader.java:499)
	at java.base/java.lang.Class.forName0(Native Method)
	at java.base/java.lang.Class.forName(Class.java:291)
	at co.com.japl.ea.mybatis.impl.QueryMyBatisSvc.verifyMapper(QueryMyBatisSvc.java:187)
	at co.com.japl.ea.mybatis.impl.QueryMyBatisSvc.countRow(QueryMyBatisSvc.java:167)
	at co.com.japl.ea.mybatis.impl.QueryMyBatisSvc.set(QueryMyBatisSvc.java:107)
	at co.com.japl.ea.mybatis.Main.main(Main.java:24)
java.lang.ClassNotFoundException: co.com.japl.ea.mybatis.privates.interfaces.com.pyt.service.dto.Parametro
	at java.base/jdk.internal.loader.BuiltinClassLoader.loadClass(BuiltinClassLoader.java:582)
	at java.base/jdk.internal.loader.ClassLoaders$AppClassLoader.loadClass(ClassLoaders.java:190)
	at java.base/java.lang.ClassLoader.loadClass(ClassLoader.java:499)
	at java.base/java.lang.Class.forName0(Native Method)
	at java.base/java.lang.Class.forName(Class.java:291)
	at co.com.japl.ea.mybatis.impl.QueryMyBatisSvc.verifyMapper(QueryMyBatisSvc.java:187)
	at co.com.japl.ea.mybatis.impl.QueryMyBatisSvc.set(QueryMyBatisSvc.java:111)
	at co.com.japl.ea.mybatis.Main.main(Main.java:24)
java.lang.ClassNotFoundException: co.com.japl.ea.mybatis.privates.interfaces.com.pyt.service.dto.Parametro
	at java.base/jdk.internal.loader.BuiltinClassLoader.loadClass(BuiltinClassLoader.java:582)
	at java.base/jdk.internal.loader.ClassLoaders$AppClassLoader.loadClass(ClassLoaders.java:190)
	at java.base/java.lang.ClassLoader.loadClass(ClassLoader.java:499)
	at java.base/java.lang.Class.forName0(Native Method)
	at java.base/java.lang.Class.forName(Class.java:291)
	at co.com.japl.ea.mybatis.impl.QueryMyBatisSvc.verifyMapper(QueryMyBatisSvc.java:187)
	at co.com.japl.ea.mybatis.impl.QueryMyBatisSvc.get(QueryMyBatisSvc.java:84)
	at co.com.japl.ea.mybatis.impl.QueryMyBatisSvc.set(QueryMyBatisSvc.java:129)
	at co.com.japl.ea.mybatis.Main.main(Main.java:24)
java.lang.ClassNotFoundException: co.com.japl.ea.mybatis.privates.interfaces.com.pyt.service.dto.ParametroGrupo
	at java.base/jdk.internal.loader.BuiltinClassLoader.loadClass(BuiltinClassLoader.java:582)
	at java.base/jdk.internal.loader.ClassLoaders$AppClassLoader.loadClass(ClassLoaders.java:190)
	at java.base/java.lang.ClassLoader.loadClass(ClassLoader.java:499)
	at java.base/java.lang.Class.forName0(Native Method)
	at java.base/java.lang.Class.forName(Class.java:291)
	at co.com.japl.ea.mybatis.impl.QueryMyBatisSvc.verifyMapper(QueryMyBatisSvc.java:187)
	at co.com.japl.ea.mybatis.impl.QueryMyBatisSvc.countRow(QueryMyBatisSvc.java:167)
	at co.com.japl.ea.mybatis.impl.QueryMyBatisSvc.set(QueryMyBatisSvc.java:107)
	at co.com.japl.ea.mybatis.Main.main(Main.java:26)
java.lang.ClassNotFoundException: co.com.japl.ea.mybatis.privates.interfaces.com.pyt.service.dto.Parametro
	at java.base/jdk.internal.loader.BuiltinClassLoader.loadClass(BuiltinClassLoader.java:582)
	at java.base/jdk.internal.loader.ClassLoaders$AppClassLoader.loadClass(ClassLoaders.java:190)
	at java.base/java.lang.ClassLoader.loadClass(ClassLoader.java:499)
	at java.base/java.lang.Class.forName0(Native Method)
	at java.base/java.lang.Class.forName(Class.java:291)
	at co.com.japl.ea.mybatis.impl.QueryMyBatisSvc.verifyMapper(QueryMyBatisSvc.java:187)
	at co.com.japl.ea.mybatis.impl.QueryMyBatisSvc.countRow(QueryMyBatisSvc.java:167)
	at co.com.japl.ea.mybatis.impl.QueryMyBatisSvc.set(QueryMyBatisSvc.java:107)
	at co.com.japl.ea.mybatis.Main.main(Main.java:24)
java.lang.ClassNotFoundException: co.com.japl.ea.mybatis.privates.interfaces.com.pyt.service.dto.Parametro
	at java.base/jdk.internal.loader.BuiltinClassLoader.loadClass(BuiltinClassLoader.java:582)
	at java.base/jdk.internal.loader.ClassLoaders$AppClassLoader.loadClass(ClassLoaders.java:190)
	at java.base/java.lang.ClassLoader.loadClass(ClassLoader.java:499)
	at java.base/java.lang.Class.forName0(Native Method)
	at java.base/java.lang.Class.forName(Class.java:291)
	at co.com.japl.ea.mybatis.impl.QueryMyBatisSvc.verifyMapper(QueryMyBatisSvc.java:187)
	at co.com.japl.ea.mybatis.impl.QueryMyBatisSvc.set(QueryMyBatisSvc.java:111)
	at co.com.japl.ea.mybatis.Main.main(Main.java:24)
java.lang.ClassNotFoundException: co.com.japl.ea.mybatis.privates.interfaces.com.pyt.service.dto.Parametro
	at java.base/jdk.internal.loader.BuiltinClassLoader.loadClass(BuiltinClassLoader.java:582)
	at java.base/jdk.internal.loader.ClassLoaders$AppClassLoader.loadClass(ClassLoaders.java:190)
	at java.base/java.lang.ClassLoader.loadClass(ClassLoader.java:499)
	at java.base/java.lang.Class.forName0(Native Method)
	at java.base/java.lang.Class.forName(Class.java:291)
	at co.com.japl.ea.mybatis.impl.QueryMyBatisSvc.verifyMapper(QueryMyBatisSvc.java:187)
	at co.com.japl.ea.mybatis.impl.QueryMyBatisSvc.get(QueryMyBatisSvc.java:84)
	at co.com.japl.ea.mybatis.impl.QueryMyBatisSvc.set(QueryMyBatisSvc.java:129)
	at co.com.japl.ea.mybatis.Main.main(Main.java:24)
java.lang.ClassNotFoundException: co.com.japl.ea.mybatis.privates.interfaces.com.pyt.service.dto.Parametro
	at java.base/jdk.internal.loader.BuiltinClassLoader.loadClass(BuiltinClassLoader.java:582)
	at java.base/jdk.internal.loader.ClassLoaders$AppClassLoader.loadClass(ClassLoaders.java:190)
	at java.base/java.lang.ClassLoader.loadClass(ClassLoader.java:499)
	at java.base/java.lang.Class.forName0(Native Method)
	at java.base/java.lang.Class.forName(Class.java:291)
	at co.com.japl.ea.mybatis.impl.QueryMyBatisSvc.verifyMapper(QueryMyBatisSvc.java:187)
	at co.com.japl.ea.mybatis.impl.QueryMyBatisSvc.countRow(QueryMyBatisSvc.java:167)
	at co.com.japl.ea.mybatis.impl.QueryMyBatisSvc.set(QueryMyBatisSvc.java:107)
	at co.com.japl.ea.mybatis.Main.main(Main.java:24)
java.lang.ClassNotFoundException: co.com.japl.ea.mybatis.privates.interfaces.com.pyt.service.dto.Parametro
	at java.base/jdk.internal.loader.BuiltinClassLoader.loadClass(BuiltinClassLoader.java:582)
	at java.base/jdk.internal.loader.ClassLoaders$AppClassLoader.loadClass(ClassLoaders.java:190)
	at java.base/java.lang.ClassLoader.loadClass(ClassLoader.java:499)
	at java.base/java.lang.Class.forName0(Native Method)
	at java.base/java.lang.Class.forName(Class.java:291)
	at co.com.japl.ea.mybatis.impl.QueryMyBatisSvc.verifyMapper(QueryMyBatisSvc.java:187)
	at co.com.japl.ea.mybatis.impl.QueryMyBatisSvc.set(QueryMyBatisSvc.java:111)
	at co.com.japl.ea.mybatis.Main.main(Main.java:24)
java.lang.ClassNotFoundException: co.com.japl.ea.mybatis.privates.interfaces.com.pyt.service.dto.Parametro
	at java.base/jdk.internal.loader.BuiltinClassLoader.loadClass(BuiltinClassLoader.java:582)
	at java.base/jdk.internal.loader.ClassLoaders$AppClassLoader.loadClass(ClassLoaders.java:190)
	at java.base/java.lang.ClassLoader.loadClass(ClassLoader.java:499)
	at java.base/java.lang.Class.forName0(Native Method)
	at java.base/java.lang.Class.forName(Class.java:291)
	at co.com.japl.ea.mybatis.impl.QueryMyBatisSvc.verifyMapper(QueryMyBatisSvc.java:187)
	at co.com.japl.ea.mybatis.impl.QueryMyBatisSvc.get(QueryMyBatisSvc.java:84)
	at co.com.japl.ea.mybatis.impl.QueryMyBatisSvc.set(QueryMyBatisSvc.java:129)
	at co.com.japl.ea.mybatis.Main.main(Main.java:24)
java.lang.ClassNotFoundException: co.com.japl.ea.mybatis.privates.interfaces.com.pyt.service.dto.ParametroGrupo
	at java.base/jdk.internal.loader.BuiltinClassLoader.loadClass(BuiltinClassLoader.java:582)
	at java.base/jdk.internal.loader.ClassLoaders$AppClassLoader.loadClass(ClassLoaders.java:190)
	at java.base/java.lang.ClassLoader.loadClass(ClassLoader.java:499)
	at java.base/java.lang.Class.forName0(Native Method)
	at java.base/java.lang.Class.forName(Class.java:291)
	at co.com.japl.ea.mybatis.impl.QueryMyBatisSvc.verifyMapper(QueryMyBatisSvc.java:187)
	at co.com.japl.ea.mybatis.impl.QueryMyBatisSvc.countRow(QueryMyBatisSvc.java:167)
	at co.com.japl.ea.mybatis.impl.QueryMyBatisSvc.set(QueryMyBatisSvc.java:107)
	at co.com.japl.ea.mybatis.Main.main(Main.java:26)
java.lang.ClassNotFoundException: co.com.japl.ea.mybatis.privates.interfaces.com.pyt.service.dto.ParametroGrupo
	at java.base/jdk.internal.loader.BuiltinClassLoader.loadClass(BuiltinClassLoader.java:582)
	at java.base/jdk.internal.loader.ClassLoaders$AppClassLoader.loadClass(ClassLoaders.java:190)
	at java.base/java.lang.ClassLoader.loadClass(ClassLoader.java:499)
	at java.base/java.lang.Class.forName0(Native Method)
	at java.base/java.lang.Class.forName(Class.java:291)
	at co.com.japl.ea.mybatis.impl.QueryMyBatisSvc.verifyMapper(QueryMyBatisSvc.java:187)
	at co.com.japl.ea.mybatis.impl.QueryMyBatisSvc.set(QueryMyBatisSvc.java:111)
	at co.com.japl.ea.mybatis.Main.main(Main.java:26)
java.lang.ClassNotFoundException: co.com.japl.ea.mybatis.privates.interfaces.com.pyt.service.dto.Parametro
	at java.base/jdk.internal.loader.BuiltinClassLoader.loadClass(BuiltinClassLoader.java:582)
	at java.base/jdk.internal.loader.ClassLoaders$AppClassLoader.loadClass(ClassLoaders.java:190)
	at java.base/java.lang.ClassLoader.loadClass(ClassLoader.java:499)
	at java.base/java.lang.Class.forName0(Native Method)
	at java.base/java.lang.Class.forName(Class.java:291)
	at co.com.japl.ea.mybatis.impl.QueryMyBatisSvc.verifyMapper(QueryMyBatisSvc.java:187)
	at co.com.japl.ea.mybatis.impl.QueryMyBatisSvc.countRow(QueryMyBatisSvc.java:167)
	at co.com.japl.ea.mybatis.impl.QueryMyBatisSvc.set(QueryMyBatisSvc.java:107)
	at co.com.japl.ea.mybatis.Main.main(Main.java:24)
java.lang.ClassNotFoundException: co.com.japl.ea.mybatis.privates.interfaces.com.pyt.service.dto.Parametro
	at java.base/jdk.internal.loader.BuiltinClassLoader.loadClass(BuiltinClassLoader.java:582)
	at java.base/jdk.internal.loader.ClassLoaders$AppClassLoader.loadClass(ClassLoaders.java:190)
	at java.base/java.lang.ClassLoader.loadClass(ClassLoader.java:499)
	at java.base/java.lang.Class.forName0(Native Method)
	at java.base/java.lang.Class.forName(Class.java:291)
	at co.com.japl.ea.mybatis.impl.QueryMyBatisSvc.verifyMapper(QueryMyBatisSvc.java:187)
	at co.com.japl.ea.mybatis.impl.QueryMyBatisSvc.set(QueryMyBatisSvc.java:111)
	at co.com.japl.ea.mybatis.Main.main(Main.java:24)
java.lang.ClassNotFoundException: co.com.japl.ea.mybatis.privates.interfaces.com.pyt.service.dto.Parametro
	at java.base/jdk.internal.loader.BuiltinClassLoader.loadClass(BuiltinClassLoader.java:582)
	at java.base/jdk.internal.loader.ClassLoaders$AppClassLoader.loadClass(ClassLoaders.java:190)
	at java.base/java.lang.ClassLoader.loadClass(ClassLoader.java:499)
	at java.base/java.lang.Class.forName0(Native Method)
	at java.base/java.lang.Class.forName(Class.java:291)
	at co.com.japl.ea.mybatis.impl.QueryMyBatisSvc.verifyMapper(QueryMyBatisSvc.java:187)
	at co.com.japl.ea.mybatis.impl.QueryMyBatisSvc.get(QueryMyBatisSvc.java:84)
	at co.com.japl.ea.mybatis.impl.QueryMyBatisSvc.set(QueryMyBatisSvc.java:129)
	at co.com.japl.ea.mybatis.Main.main(Main.java:24)
java.lang.ClassNotFoundException: co.com.japl.ea.mybatis.privates.interfaces.com.pyt.service.dto.ParametroGrupo
	at java.base/jdk.internal.loader.BuiltinClassLoader.loadClass(BuiltinClassLoader.java:582)
	at java.base/jdk.internal.loader.ClassLoaders$AppClassLoader.loadClass(ClassLoaders.java:190)
	at java.base/java.lang.ClassLoader.loadClass(ClassLoader.java:499)
	at java.base/java.lang.Class.forName0(Native Method)
	at java.base/java.lang.Class.forName(Class.java:291)
	at co.com.japl.ea.mybatis.impl.QueryMyBatisSvc.verifyMapper(QueryMyBatisSvc.java:187)
	at co.com.japl.ea.mybatis.impl.QueryMyBatisSvc.countRow(QueryMyBatisSvc.java:167)
	at co.com.japl.ea.mybatis.impl.QueryMyBatisSvc.set(QueryMyBatisSvc.java:107)
	at co.com.japl.ea.mybatis.Main.main(Main.java:26)
java.lang.ClassNotFoundException: co.com.japl.ea.mybatis.privates.interfaces.com.pyt.service.dto.ParametroGrupo
	at java.base/jdk.internal.loader.BuiltinClassLoader.loadClass(BuiltinClassLoader.java:582)
	at java.base/jdk.internal.loader.ClassLoaders$AppClassLoader.loadClass(ClassLoaders.java:190)
	at java.base/java.lang.ClassLoader.loadClass(ClassLoader.java:499)
	at java.base/java.lang.Class.forName0(Native Method)
	at java.base/java.lang.Class.forName(Class.java:291)
	at co.com.japl.ea.mybatis.impl.QueryMyBatisSvc.verifyMapper(QueryMyBatisSvc.java:187)
	at co.com.japl.ea.mybatis.impl.QueryMyBatisSvc.set(QueryMyBatisSvc.java:111)
	at co.com.japl.ea.mybatis.Main.main(Main.java:26)
java.lang.ClassNotFoundException: co.com.japl.ea.mybatis.privates.interfaces.com.pyt.service.dto.Parametro
	at java.base/jdk.internal.loader.BuiltinClassLoader.loadClass(BuiltinClassLoader.java:582)
	at java.base/jdk.internal.loader.ClassLoaders$AppClassLoader.loadClass(ClassLoaders.java:190)
	at java.base/java.lang.ClassLoader.loadClass(ClassLoader.java:499)
	at java.base/java.lang.Class.forName0(Native Method)
	at java.base/java.lang.Class.forName(Class.java:291)
	at co.com.japl.ea.mybatis.impl.QueryMyBatisSvc.verifyMapper(QueryMyBatisSvc.java:187)
	at co.com.japl.ea.mybatis.impl.QueryMyBatisSvc.countRow(QueryMyBatisSvc.java:167)
	at co.com.japl.ea.mybatis.impl.QueryMyBatisSvc.set(QueryMyBatisSvc.java:107)
	at co.com.japl.ea.mybatis.Main.main(Main.java:24)
java.lang.ClassNotFoundException: co.com.japl.ea.mybatis.privates.interfaces.com.pyt.service.dto.Parametro
	at java.base/jdk.internal.loader.BuiltinClassLoader.loadClass(BuiltinClassLoader.java:582)
	at java.base/jdk.internal.loader.ClassLoaders$AppClassLoader.loadClass(ClassLoaders.java:190)
	at java.base/java.lang.ClassLoader.loadClass(ClassLoader.java:499)
	at java.base/java.lang.Class.forName0(Native Method)
	at java.base/java.lang.Class.forName(Class.java:291)
	at co.com.japl.ea.mybatis.impl.QueryMyBatisSvc.verifyMapper(QueryMyBatisSvc.java:187)
	at co.com.japl.ea.mybatis.impl.QueryMyBatisSvc.set(QueryMyBatisSvc.java:111)
	at co.com.japl.ea.mybatis.Main.main(Main.java:24)
java.lang.ClassNotFoundException: co.com.japl.ea.mybatis.privates.interfaces.com.pyt.service.dto.Parametro
	at java.base/jdk.internal.loader.BuiltinClassLoader.loadClass(BuiltinClassLoader.java:582)
	at java.base/jdk.internal.loader.ClassLoaders$AppClassLoader.loadClass(ClassLoaders.java:190)
	at java.base/java.lang.ClassLoader.loadClass(ClassLoader.java:499)
	at java.base/java.lang.Class.forName0(Native Method)
	at java.base/java.lang.Class.forName(Class.java:291)
	at co.com.japl.ea.mybatis.impl.QueryMyBatisSvc.verifyMapper(QueryMyBatisSvc.java:187)
	at co.com.japl.ea.mybatis.impl.QueryMyBatisSvc.get(QueryMyBatisSvc.java:84)
	at co.com.japl.ea.mybatis.impl.QueryMyBatisSvc.set(QueryMyBatisSvc.java:129)
	at co.com.japl.ea.mybatis.Main.main(Main.java:24)
java.lang.ClassNotFoundException: co.com.japl.ea.mybatis.privates.interfaces.com.pyt.service.dto.ParametroGrupo
	at java.base/jdk.internal.loader.BuiltinClassLoader.loadClass(BuiltinClassLoader.java:582)
	at java.base/jdk.internal.loader.ClassLoaders$AppClassLoader.loadClass(ClassLoaders.java:190)
	at java.base/java.lang.ClassLoader.loadClass(ClassLoader.java:499)
	at java.base/java.lang.Class.forName0(Native Method)
	at java.base/java.lang.Class.forName(Class.java:291)
	at co.com.japl.ea.mybatis.impl.QueryMyBatisSvc.verifyMapper(QueryMyBatisSvc.java:187)
	at co.com.japl.ea.mybatis.impl.QueryMyBatisSvc.countRow(QueryMyBatisSvc.java:167)
	at co.com.japl.ea.mybatis.impl.QueryMyBatisSvc.set(QueryMyBatisSvc.java:107)
	at co.com.japl.ea.mybatis.Main.main(Main.java:26)
java.lang.ClassNotFoundException: co.com.japl.ea.mybatis.privates.interfaces.com.pyt.service.dto.Parametro
	at java.base/jdk.internal.loader.BuiltinClassLoader.loadClass(BuiltinClassLoader.java:582)
	at java.base/jdk.internal.loader.ClassLoaders$AppClassLoader.loadClass(ClassLoaders.java:190)
	at java.base/java.lang.ClassLoader.loadClass(ClassLoader.java:499)
	at java.base/java.lang.Class.forName0(Native Method)
	at java.base/java.lang.Class.forName(Class.java:291)
	at co.com.japl.ea.mybatis.impl.QueryMyBatisSvc.verifyMapper(QueryMyBatisSvc.java:187)
	at co.com.japl.ea.mybatis.impl.QueryMyBatisSvc.countRow(QueryMyBatisSvc.java:167)
	at co.com.japl.ea.mybatis.impl.QueryMyBatisSvc.set(QueryMyBatisSvc.java:107)
	at co.com.japl.ea.mybatis.Main.main(Main.java:24)
java.lang.ClassNotFoundException: co.com.japl.ea.mybatis.privates.interfaces.com.pyt.service.dto.Parametro
	at java.base/jdk.internal.loader.BuiltinClassLoader.loadClass(BuiltinClassLoader.java:582)
	at java.base/jdk.internal.loader.ClassLoaders$AppClassLoader.loadClass(ClassLoaders.java:190)
	at java.base/java.lang.ClassLoader.loadClass(ClassLoader.java:499)
	at java.base/java.lang.Class.forName0(Native Method)
	at java.base/java.lang.Class.forName(Class.java:291)
	at co.com.japl.ea.mybatis.impl.QueryMyBatisSvc.verifyMapper(QueryMyBatisSvc.java:187)
	at co.com.japl.ea.mybatis.impl.QueryMyBatisSvc.set(QueryMyBatisSvc.java:111)
	at co.com.japl.ea.mybatis.Main.main(Main.java:24)
java.lang.ClassNotFoundException: co.com.japl.ea.mybatis.privates.interfaces.com.pyt.service.dto.Parametro
	at java.base/jdk.internal.loader.BuiltinClassLoader.loadClass(BuiltinClassLoader.java:582)
	at java.base/jdk.internal.loader.ClassLoaders$AppClassLoader.loadClass(ClassLoaders.java:190)
	at java.base/java.lang.ClassLoader.loadClass(ClassLoader.java:499)
	at java.base/java.lang.Class.forName0(Native Method)
	at java.base/java.lang.Class.forName(Class.java:291)
	at co.com.japl.ea.mybatis.impl.QueryMyBatisSvc.verifyMapper(QueryMyBatisSvc.java:187)
	at co.com.japl.ea.mybatis.impl.QueryMyBatisSvc.get(QueryMyBatisSvc.java:84)
	at co.com.japl.ea.mybatis.impl.QueryMyBatisSvc.set(QueryMyBatisSvc.java:129)
	at co.com.japl.ea.mybatis.Main.main(Main.java:24)
java.lang.ClassNotFoundException: co.com.japl.ea.mybatis.privates.interfaces.com.pyt.service.dto.ParametroGrupo
	at java.base/jdk.internal.loader.BuiltinClassLoader.loadClass(BuiltinClassLoader.java:582)
	at java.base/jdk.internal.loader.ClassLoaders$AppClassLoader.loadClass(ClassLoaders.java:190)
	at java.base/java.lang.ClassLoader.loadClass(ClassLoader.java:499)
	at java.base/java.lang.Class.forName0(Native Method)
	at java.base/java.lang.Class.forName(Class.java:291)
	at co.com.japl.ea.mybatis.impl.QueryMyBatisSvc.verifyMapper(QueryMyBatisSvc.java:187)
	at co.com.japl.ea.mybatis.impl.QueryMyBatisSvc.countRow(QueryMyBatisSvc.java:167)
	at co.com.japl.ea.mybatis.impl.QueryMyBatisSvc.set(QueryMyBatisSvc.java:107)
	at co.com.japl.ea.mybatis.Main.main(Main.java:26)
java.lang.ClassNotFoundException: co.com.japl.ea.mybatis.privates.interfaces.com.pyt.service.dto.ParametroGrupo
	at java.base/jdk.internal.loader.BuiltinClassLoader.loadClass(BuiltinClassLoader.java:582)
	at java.base/jdk.internal.loader.ClassLoaders$AppClassLoader.loadClass(ClassLoaders.java:190)
	at java.base/java.lang.ClassLoader.loadClass(ClassLoader.java:499)
	at java.base/java.lang.Class.forName0(Native Method)
	at java.base/java.lang.Class.forName(Class.java:291)
	at co.com.japl.ea.mybatis.impl.QueryMyBatisSvc.verifyMapper(QueryMyBatisSvc.java:187)
	at co.com.japl.ea.mybatis.impl.QueryMyBatisSvc.set(QueryMyBatisSvc.java:111)
	at co.com.japl.ea.mybatis.Main.main(Main.java:26)
java.lang.ClassNotFoundException: co.com.japl.ea.mybatis.privates.interfaces.com.pyt.service.dto.Parametro
	at java.base/jdk.internal.loader.BuiltinClassLoader.loadClass(BuiltinClassLoader.java:582)
	at java.base/jdk.internal.loader.ClassLoaders$AppClassLoader.loadClass(ClassLoaders.java:190)
	at java.base/java.lang.ClassLoader.loadClass(ClassLoader.java:499)
	at java.base/java.lang.Class.forName0(Native Method)
	at java.base/java.lang.Class.forName(Class.java:291)
	at co.com.japl.ea.mybatis.impl.QueryMyBatisSvc.verifyMapper(QueryMyBatisSvc.java:187)
	at co.com.japl.ea.mybatis.impl.QueryMyBatisSvc.countRow(QueryMyBatisSvc.java:167)
	at co.com.japl.ea.mybatis.impl.QueryMyBatisSvc.set(QueryMyBatisSvc.java:107)
	at co.com.japl.ea.mybatis.Main.main(Main.java:24)
java.lang.ClassNotFoundException: co.com.japl.ea.mybatis.privates.interfaces.com.pyt.service.dto.Parametro
	at java.base/jdk.internal.loader.BuiltinClassLoader.loadClass(BuiltinClassLoader.java:582)
	at java.base/jdk.internal.loader.ClassLoaders$AppClassLoader.loadClass(ClassLoaders.java:190)
	at java.base/java.lang.ClassLoader.loadClass(ClassLoader.java:499)
	at java.base/java.lang.Class.forName0(Native Method)
	at java.base/java.lang.Class.forName(Class.java:291)
	at co.com.japl.ea.mybatis.impl.QueryMyBatisSvc.verifyMapper(QueryMyBatisSvc.java:187)
	at co.com.japl.ea.mybatis.impl.QueryMyBatisSvc.set(QueryMyBatisSvc.java:111)
	at co.com.japl.ea.mybatis.Main.main(Main.java:24)
java.lang.ClassNotFoundException: co.com.japl.ea.mybatis.privates.interfaces.com.pyt.service.dto.Parametro
	at java.base/jdk.internal.loader.BuiltinClassLoader.loadClass(BuiltinClassLoader.java:582)
	at java.base/jdk.internal.loader.ClassLoaders$AppClassLoader.loadClass(ClassLoaders.java:190)
	at java.base/java.lang.ClassLoader.loadClass(ClassLoader.java:499)
	at java.base/java.lang.Class.forName0(Native Method)
	at java.base/java.lang.Class.forName(Class.java:291)
	at co.com.japl.ea.mybatis.impl.QueryMyBatisSvc.verifyMapper(QueryMyBatisSvc.java:187)
	at co.com.japl.ea.mybatis.impl.QueryMyBatisSvc.get(QueryMyBatisSvc.java:84)
	at co.com.japl.ea.mybatis.impl.QueryMyBatisSvc.set(QueryMyBatisSvc.java:129)
	at co.com.japl.ea.mybatis.Main.main(Main.java:24)
java.lang.ClassNotFoundException: co.com.japl.ea.mybatis.privates.interfaces.com.pyt.service.dto.ParametroGrupo
	at java.base/jdk.internal.loader.BuiltinClassLoader.loadClass(BuiltinClassLoader.java:582)
	at java.base/jdk.internal.loader.ClassLoaders$AppClassLoader.loadClass(ClassLoaders.java:190)
	at java.base/java.lang.ClassLoader.loadClass(ClassLoader.java:499)
	at java.base/java.lang.Class.forName0(Native Method)
	at java.base/java.lang.Class.forName(Class.java:291)
	at co.com.japl.ea.mybatis.impl.QueryMyBatisSvc.verifyMapper(QueryMyBatisSvc.java:187)
	at co.com.japl.ea.mybatis.impl.QueryMyBatisSvc.countRow(QueryMyBatisSvc.java:167)
	at co.com.japl.ea.mybatis.impl.QueryMyBatisSvc.set(QueryMyBatisSvc.java:107)
	at co.com.japl.ea.mybatis.Main.main(Main.java:26)
java.lang.ClassNotFoundException: co.com.japl.ea.mybatis.privates.interfaces.com.pyt.service.dto.Parametro
	at java.base/jdk.internal.loader.BuiltinClassLoader.loadClass(BuiltinClassLoader.java:582)
	at java.base/jdk.internal.loader.ClassLoaders$AppClassLoader.loadClass(ClassLoaders.java:190)
	at java.base/java.lang.ClassLoader.loadClass(ClassLoader.java:499)
	at java.base/java.lang.Class.forName0(Native Method)
	at java.base/java.lang.Class.forName(Class.java:291)
	at co.com.japl.ea.mybatis.impl.QueryMyBatisSvc.verifyMapper(QueryMyBatisSvc.java:187)
	at co.com.japl.ea.mybatis.impl.QueryMyBatisSvc.countRow(QueryMyBatisSvc.java:167)
	at co.com.japl.ea.mybatis.impl.QueryMyBatisSvc.set(QueryMyBatisSvc.java:107)
	at co.com.japl.ea.mybatis.Main.main(Main.java:24)
java.lang.ClassNotFoundException: co.com.japl.ea.mybatis.privates.interfaces.com.pyt.service.dto.Parametro
	at java.base/jdk.internal.loader.BuiltinClassLoader.loadClass(BuiltinClassLoader.java:582)
	at java.base/jdk.internal.loader.ClassLoaders$AppClassLoader.loadClass(ClassLoaders.java:190)
	at java.base/java.lang.ClassLoader.loadClass(ClassLoader.java:499)
	at java.base/java.lang.Class.forName0(Native Method)
	at java.base/java.lang.Class.forName(Class.java:291)
	at co.com.japl.ea.mybatis.impl.QueryMyBatisSvc.verifyMapper(QueryMyBatisSvc.java:187)
	at co.com.japl.ea.mybatis.impl.QueryMyBatisSvc.set(QueryMyBatisSvc.java:111)
	at co.com.japl.ea.mybatis.Main.main(Main.java:24)
java.lang.ClassNotFoundException: co.com.japl.ea.mybatis.privates.interfaces.com.pyt.service.dto.Parametro
	at java.base/jdk.internal.loader.BuiltinClassLoader.loadClass(BuiltinClassLoader.java:582)
	at java.base/jdk.internal.loader.ClassLoaders$AppClassLoader.loadClass(ClassLoaders.java:190)
	at java.base/java.lang.ClassLoader.loadClass(ClassLoader.java:499)
	at java.base/java.lang.Class.forName0(Native Method)
	at java.base/java.lang.Class.forName(Class.java:291)
	at co.com.japl.ea.mybatis.impl.QueryMyBatisSvc.verifyMapper(QueryMyBatisSvc.java:187)
	at co.com.japl.ea.mybatis.impl.QueryMyBatisSvc.get(QueryMyBatisSvc.java:84)
	at co.com.japl.ea.mybatis.impl.QueryMyBatisSvc.set(QueryMyBatisSvc.java:129)
	at co.com.japl.ea.mybatis.Main.main(Main.java:24)
java.lang.ClassNotFoundException: co.com.japl.ea.mybatis.privates.interfaces.com.pyt.service.dto.ParametroGrupo
	at java.base/jdk.internal.loader.BuiltinClassLoader.loadClass(BuiltinClassLoader.java:582)
	at java.base/jdk.internal.loader.ClassLoaders$AppClassLoader.loadClass(ClassLoaders.java:190)
	at java.base/java.lang.ClassLoader.loadClass(ClassLoader.java:499)
	at java.base/java.lang.Class.forName0(Native Method)
	at java.base/java.lang.Class.forName(Class.java:291)
	at co.com.japl.ea.mybatis.impl.QueryMyBatisSvc.verifyMapper(QueryMyBatisSvc.java:187)
	at co.com.japl.ea.mybatis.impl.QueryMyBatisSvc.countRow(QueryMyBatisSvc.java:167)
	at co.com.japl.ea.mybatis.impl.QueryMyBatisSvc.set(QueryMyBatisSvc.java:107)
	at co.com.japl.ea.mybatis.Main.main(Main.java:26)
java.lang.ClassNotFoundException: co.com.japl.ea.mybatis.privates.interfaces.Parametro
	at java.base/jdk.internal.loader.BuiltinClassLoader.loadClass(BuiltinClassLoader.java:582)
	at java.base/jdk.internal.loader.ClassLoaders$AppClassLoader.loadClass(ClassLoaders.java:190)
	at java.base/java.lang.ClassLoader.loadClass(ClassLoader.java:499)
	at java.base/java.lang.Class.forName0(Native Method)
	at java.base/java.lang.Class.forName(Class.java:291)
	at co.com.japl.ea.mybatis.impl.QueryMyBatisSvc.verifyMapper(QueryMyBatisSvc.java:187)
	at co.com.japl.ea.mybatis.impl.QueryMyBatisSvc.countRow(QueryMyBatisSvc.java:167)
	at co.com.japl.ea.mybatis.impl.QueryMyBatisSvc.set(QueryMyBatisSvc.java:107)
	at co.com.japl.ea.mybatis.Main.main(Main.java:24)
java.lang.ClassNotFoundException: co.com.japl.ea.mybatis.privates.interfaces.Parametro
	at java.base/jdk.internal.loader.BuiltinClassLoader.loadClass(BuiltinClassLoader.java:582)
	at java.base/jdk.internal.loader.ClassLoaders$AppClassLoader.loadClass(ClassLoaders.java:190)
	at java.base/java.lang.ClassLoader.loadClass(ClassLoader.java:499)
	at java.base/java.lang.Class.forName0(Native Method)
	at java.base/java.lang.Class.forName(Class.java:291)
	at co.com.japl.ea.mybatis.impl.QueryMyBatisSvc.verifyMapper(QueryMyBatisSvc.java:187)
	at co.com.japl.ea.mybatis.impl.QueryMyBatisSvc.set(QueryMyBatisSvc.java:111)
	at co.com.japl.ea.mybatis.Main.main(Main.java:24)
java.lang.ClassNotFoundException: co.com.japl.ea.mybatis.privates.interfaces.Parametro
	at java.base/jdk.internal.loader.BuiltinClassLoader.loadClass(BuiltinClassLoader.java:582)
	at java.base/jdk.internal.loader.ClassLoaders$AppClassLoader.loadClass(ClassLoaders.java:190)
	at java.base/java.lang.ClassLoader.loadClass(ClassLoader.java:499)
	at java.base/java.lang.Class.forName0(Native Method)
	at java.base/java.lang.Class.forName(Class.java:291)
	at co.com.japl.ea.mybatis.impl.QueryMyBatisSvc.verifyMapper(QueryMyBatisSvc.java:187)
	at co.com.japl.ea.mybatis.impl.QueryMyBatisSvc.get(QueryMyBatisSvc.java:84)
	at co.com.japl.ea.mybatis.impl.QueryMyBatisSvc.set(QueryMyBatisSvc.java:129)
	at co.com.japl.ea.mybatis.Main.main(Main.java:24)
java.lang.ClassNotFoundException: co.com.japl.ea.mybatis.privates.interfaces.Parametro
	at java.base/jdk.internal.loader.BuiltinClassLoader.loadClass(BuiltinClassLoader.java:582)
	at java.base/jdk.internal.loader.ClassLoaders$AppClassLoader.loadClass(ClassLoaders.java:190)
	at java.base/java.lang.ClassLoader.loadClass(ClassLoader.java:499)
	at java.base/java.lang.Class.forName0(Native Method)
	at java.base/java.lang.Class.forName(Class.java:291)
	at co.com.japl.ea.mybatis.impl.QueryMyBatisSvc.verifyMapper(QueryMyBatisSvc.java:187)
	at co.com.japl.ea.mybatis.impl.QueryMyBatisSvc.countRow(QueryMyBatisSvc.java:167)
	at co.com.japl.ea.mybatis.impl.QueryMyBatisSvc.set(QueryMyBatisSvc.java:107)
	at co.com.japl.ea.mybatis.Main.main(Main.java:24)
java.lang.ClassNotFoundException: co.com.japl.ea.mybatis.privates.interfaces.Parametro
	at java.base/jdk.internal.loader.BuiltinClassLoader.loadClass(BuiltinClassLoader.java:582)
	at java.base/jdk.internal.loader.ClassLoaders$AppClassLoader.loadClass(ClassLoaders.java:190)
	at java.base/java.lang.ClassLoader.loadClass(ClassLoader.java:499)
	at java.base/java.lang.Class.forName0(Native Method)
	at java.base/java.lang.Class.forName(Class.java:291)
	at co.com.japl.ea.mybatis.impl.QueryMyBatisSvc.verifyMapper(QueryMyBatisSvc.java:187)
	at co.com.japl.ea.mybatis.impl.QueryMyBatisSvc.set(QueryMyBatisSvc.java:111)
	at co.com.japl.ea.mybatis.Main.main(Main.java:24)
java.lang.ClassNotFoundException: co.com.japl.ea.mybatis.privates.interfaces.Parametro
	at java.base/jdk.internal.loader.BuiltinClassLoader.loadClass(BuiltinClassLoader.java:582)
	at java.base/jdk.internal.loader.ClassLoaders$AppClassLoader.loadClass(ClassLoaders.java:190)
	at java.base/java.lang.ClassLoader.loadClass(ClassLoader.java:499)
	at java.base/java.lang.Class.forName0(Native Method)
	at java.base/java.lang.Class.forName(Class.java:291)
	at co.com.japl.ea.mybatis.impl.QueryMyBatisSvc.verifyMapper(QueryMyBatisSvc.java:187)
	at co.com.japl.ea.mybatis.impl.QueryMyBatisSvc.get(QueryMyBatisSvc.java:84)
	at co.com.japl.ea.mybatis.impl.QueryMyBatisSvc.set(QueryMyBatisSvc.java:129)
	at co.com.japl.ea.mybatis.Main.main(Main.java:24)
java.lang.ClassNotFoundException: co.com.japl.ea.mybatis.privates.interfaces.Parametro
	at java.base/jdk.internal.loader.BuiltinClassLoader.loadClass(BuiltinClassLoader.java:582)
	at java.base/jdk.internal.loader.ClassLoaders$AppClassLoader.loadClass(ClassLoaders.java:190)
	at java.base/java.lang.ClassLoader.loadClass(ClassLoader.java:499)
	at java.base/java.lang.Class.forName0(Native Method)
	at java.base/java.lang.Class.forName(Class.java:291)
	at co.com.japl.ea.mybatis.impl.QueryMyBatisSvc.verifyMapper(QueryMyBatisSvc.java:187)
	at co.com.japl.ea.mybatis.impl.QueryMyBatisSvc.countRow(QueryMyBatisSvc.java:167)
	at co.com.japl.ea.mybatis.impl.QueryMyBatisSvc.set(QueryMyBatisSvc.java:107)
	at co.com.japl.ea.mybatis.Main.main(Main.java:24)
java.lang.ClassNotFoundException: co.com.japl.ea.mybatis.privates.interfaces.Parametro
	at java.base/jdk.internal.loader.BuiltinClassLoader.loadClass(BuiltinClassLoader.java:582)
	at java.base/jdk.internal.loader.ClassLoaders$AppClassLoader.loadClass(ClassLoaders.java:190)
	at java.base/java.lang.ClassLoader.loadClass(ClassLoader.java:499)
	at java.base/java.lang.Class.forName0(Native Method)
	at java.base/java.lang.Class.forName(Class.java:291)
	at co.com.japl.ea.mybatis.impl.QueryMyBatisSvc.verifyMapper(QueryMyBatisSvc.java:187)
	at co.com.japl.ea.mybatis.impl.QueryMyBatisSvc.set(QueryMyBatisSvc.java:111)
	at co.com.japl.ea.mybatis.Main.main(Main.java:24)
java.lang.ClassNotFoundException: co.com.japl.ea.mybatis.privates.interfaces.Parametro
	at java.base/jdk.internal.loader.BuiltinClassLoader.loadClass(BuiltinClassLoader.java:582)
	at java.base/jdk.internal.loader.ClassLoaders$AppClassLoader.loadClass(ClassLoaders.java:190)
	at java.base/java.lang.ClassLoader.loadClass(ClassLoader.java:499)
	at java.base/java.lang.Class.forName0(Native Method)
	at java.base/java.lang.Class.forName(Class.java:291)
	at co.com.japl.ea.mybatis.impl.QueryMyBatisSvc.verifyMapper(QueryMyBatisSvc.java:187)
	at co.com.japl.ea.mybatis.impl.QueryMyBatisSvc.get(QueryMyBatisSvc.java:84)
	at co.com.japl.ea.mybatis.impl.QueryMyBatisSvc.set(QueryMyBatisSvc.java:129)
	at co.com.japl.ea.mybatis.Main.main(Main.java:24)
java.lang.ClassNotFoundException: co.com.japl.ea.mybatis.privates.interfaces.Parametro
	at java.base/jdk.internal.loader.BuiltinClassLoader.loadClass(BuiltinClassLoader.java:582)
	at java.base/jdk.internal.loader.ClassLoaders$AppClassLoader.loadClass(ClassLoaders.java:190)
	at java.base/java.lang.ClassLoader.loadClass(ClassLoader.java:499)
	at java.base/java.lang.Class.forName0(Native Method)
	at java.base/java.lang.Class.forName(Class.java:291)
	at co.com.japl.ea.mybatis.impl.QueryMyBatisSvc.verifyMapper(QueryMyBatisSvc.java:187)
	at co.com.japl.ea.mybatis.impl.QueryMyBatisSvc.countRow(QueryMyBatisSvc.java:167)
	at co.com.japl.ea.mybatis.impl.QueryMyBatisSvc.set(QueryMyBatisSvc.java:107)
	at co.com.japl.ea.mybatis.Main.main(Main.java:24)
java.lang.ClassNotFoundException: co.com.japl.ea.mybatis.privates.interfaces.Parametro
	at java.base/jdk.internal.loader.BuiltinClassLoader.loadClass(BuiltinClassLoader.java:582)
	at java.base/jdk.internal.loader.ClassLoaders$AppClassLoader.loadClass(ClassLoaders.java:190)
	at java.base/java.lang.ClassLoader.loadClass(ClassLoader.java:499)
	at java.base/java.lang.Class.forName0(Native Method)
	at java.base/java.lang.Class.forName(Class.java:291)
	at co.com.japl.ea.mybatis.impl.QueryMyBatisSvc.verifyMapper(QueryMyBatisSvc.java:187)
	at co.com.japl.ea.mybatis.impl.QueryMyBatisSvc.set(QueryMyBatisSvc.java:111)
	at co.com.japl.ea.mybatis.Main.main(Main.java:24)
java.lang.ClassNotFoundException: co.com.japl.ea.mybatis.privates.interfaces.Parametro
	at java.base/jdk.internal.loader.BuiltinClassLoader.loadClass(BuiltinClassLoader.java:582)
	at java.base/jdk.internal.loader.ClassLoaders$AppClassLoader.loadClass(ClassLoaders.java:190)
	at java.base/java.lang.ClassLoader.loadClass(ClassLoader.java:499)
	at java.base/java.lang.Class.forName0(Native Method)
	at java.base/java.lang.Class.forName(Class.java:291)
	at co.com.japl.ea.mybatis.impl.QueryMyBatisSvc.verifyMapper(QueryMyBatisSvc.java:187)
	at co.com.japl.ea.mybatis.impl.QueryMyBatisSvc.get(QueryMyBatisSvc.java:84)
	at co.com.japl.ea.mybatis.impl.QueryMyBatisSvc.set(QueryMyBatisSvc.java:129)
	at co.com.japl.ea.mybatis.Main.main(Main.java:24)
java.lang.ClassNotFoundException: co.com.japl.ea.mybatis.privates.interfaces.Parametro
	at java.base/jdk.internal.loader.BuiltinClassLoader.loadClass(BuiltinClassLoader.java:582)
	at java.base/jdk.internal.loader.ClassLoaders$AppClassLoader.loadClass(ClassLoaders.java:190)
	at java.base/java.lang.ClassLoader.loadClass(ClassLoader.java:499)
	at java.base/java.lang.Class.forName0(Native Method)
	at java.base/java.lang.Class.forName(Class.java:291)
	at co.com.japl.ea.mybatis.impl.QueryMyBatisSvc.verifyMapper(QueryMyBatisSvc.java:187)
	at co.com.japl.ea.mybatis.impl.QueryMyBatisSvc.countRow(QueryMyBatisSvc.java:167)
	at co.com.japl.ea.mybatis.impl.QueryMyBatisSvc.set(QueryMyBatisSvc.java:107)
	at co.com.japl.ea.mybatis.Main.main(Main.java:24)
java.lang.ClassNotFoundException: co.com.japl.ea.mybatis.privates.interfaces.Parametro
	at java.base/jdk.internal.loader.BuiltinClassLoader.loadClass(BuiltinClassLoader.java:582)
	at java.base/jdk.internal.loader.ClassLoaders$AppClassLoader.loadClass(ClassLoaders.java:190)
	at java.base/java.lang.ClassLoader.loadClass(ClassLoader.java:499)
	at java.base/java.lang.Class.forName0(Native Method)
	at java.base/java.lang.Class.forName(Class.java:291)
	at co.com.japl.ea.mybatis.impl.QueryMyBatisSvc.verifyMapper(QueryMyBatisSvc.java:187)
	at co.com.japl.ea.mybatis.impl.QueryMyBatisSvc.set(QueryMyBatisSvc.java:111)
	at co.com.japl.ea.mybatis.Main.main(Main.java:24)
java.lang.ClassNotFoundException: co.com.japl.ea.mybatis.privates.interfaces.Parametro
	at java.base/jdk.internal.loader.BuiltinClassLoader.loadClass(BuiltinClassLoader.java:582)
	at java.base/jdk.internal.loader.ClassLoaders$AppClassLoader.loadClass(ClassLoaders.java:190)
	at java.base/java.lang.ClassLoader.loadClass(ClassLoader.java:499)
	at java.base/java.lang.Class.forName0(Native Method)
	at java.base/java.lang.Class.forName(Class.java:291)
	at co.com.japl.ea.mybatis.impl.QueryMyBatisSvc.verifyMapper(QueryMyBatisSvc.java:187)
	at co.com.japl.ea.mybatis.impl.QueryMyBatisSvc.get(QueryMyBatisSvc.java:84)
	at co.com.japl.ea.mybatis.impl.QueryMyBatisSvc.set(QueryMyBatisSvc.java:129)
	at co.com.japl.ea.mybatis.Main.main(Main.java:24)
java.lang.ClassNotFoundException: co.com.japl.ea.mybatis.privates.interfaces.Parametro
	at java.base/jdk.internal.loader.BuiltinClassLoader.loadClass(BuiltinClassLoader.java:582)
	at java.base/jdk.internal.loader.ClassLoaders$AppClassLoader.loadClass(ClassLoaders.java:190)
	at java.base/java.lang.ClassLoader.loadClass(ClassLoader.java:499)
	at java.base/java.lang.Class.forName0(Native Method)
	at java.base/java.lang.Class.forName(Class.java:291)
	at co.com.japl.ea.mybatis.impl.QueryMyBatisSvc.verifyMapper(QueryMyBatisSvc.java:190)
	at co.com.japl.ea.mybatis.impl.QueryMyBatisSvc.countRow(QueryMyBatisSvc.java:169)
	at co.com.japl.ea.mybatis.impl.QueryMyBatisSvc.set(QueryMyBatisSvc.java:108)
	at co.com.japl.ea.mybatis.Main.main(Main.java:24)
java.lang.ClassNotFoundException: co.com.japl.ea.mybatis.privates.interfaces.Parametro
	at java.base/jdk.internal.loader.BuiltinClassLoader.loadClass(BuiltinClassLoader.java:582)
	at java.base/jdk.internal.loader.ClassLoaders$AppClassLoader.loadClass(ClassLoaders.java:190)
	at java.base/java.lang.ClassLoader.loadClass(ClassLoader.java:499)
	at java.base/java.lang.Class.forName0(Native Method)
	at java.base/java.lang.Class.forName(Class.java:291)
	at co.com.japl.ea.mybatis.impl.QueryMyBatisSvc.verifyMapper(QueryMyBatisSvc.java:190)
	at co.com.japl.ea.mybatis.impl.QueryMyBatisSvc.set(QueryMyBatisSvc.java:112)
	at co.com.japl.ea.mybatis.Main.main(Main.java:24)
java.lang.ClassNotFoundException: co.com.japl.ea.mybatis.privates.interfaces.Parametro
	at java.base/jdk.internal.loader.BuiltinClassLoader.loadClass(BuiltinClassLoader.java:582)
	at java.base/jdk.internal.loader.ClassLoaders$AppClassLoader.loadClass(ClassLoaders.java:190)
	at java.base/java.lang.ClassLoader.loadClass(ClassLoader.java:499)
	at java.base/java.lang.Class.forName0(Native Method)
	at java.base/java.lang.Class.forName(Class.java:291)
	at co.com.japl.ea.mybatis.impl.QueryMyBatisSvc.verifyMapper(QueryMyBatisSvc.java:190)
	at co.com.japl.ea.mybatis.impl.QueryMyBatisSvc.get(QueryMyBatisSvc.java:85)
	at co.com.japl.ea.mybatis.impl.QueryMyBatisSvc.set(QueryMyBatisSvc.java:131)
	at co.com.japl.ea.mybatis.Main.main(Main.java:24)
org.apache.ibatis.binding.BindingException: Type interface co.com.japl.ea.mybatis.privates.interfaces.ParametroGrupo is not known to the MapperRegistry.
	at org.apache.ibatis.binding.MapperRegistry.getMapper(MapperRegistry.java:47)
	at org.apache.ibatis.session.Configuration.getMapper(Configuration.java:763)
	at org.apache.ibatis.session.defaults.DefaultSqlSession.getMapper(DefaultSqlSession.java:291)
	at co.com.japl.ea.mybatis.impl.QueryMyBatisSvc.verifyMapper(QueryMyBatisSvc.java:195)
	at co.com.japl.ea.mybatis.impl.QueryMyBatisSvc.gets(QueryMyBatisSvc.java:65)
	at co.com.japl.ea.mybatis.Main.main(Main.java:27)
java.lang.ClassNotFoundException: co.com.japl.ea.mybatis.privates.interfaces.Parametro
	at java.base/jdk.internal.loader.BuiltinClassLoader.loadClass(BuiltinClassLoader.java:582)
	at java.base/jdk.internal.loader.ClassLoaders$AppClassLoader.loadClass(ClassLoaders.java:190)
	at java.base/java.lang.ClassLoader.loadClass(ClassLoader.java:499)
	at java.base/java.lang.Class.forName0(Native Method)
	at java.base/java.lang.Class.forName(Class.java:291)
	at co.com.japl.ea.mybatis.impl.QueryMyBatisSvc.verifyMapper(QueryMyBatisSvc.java:190)
	at co.com.japl.ea.mybatis.impl.QueryMyBatisSvc.countRow(QueryMyBatisSvc.java:169)
	at co.com.japl.ea.mybatis.impl.QueryMyBatisSvc.set(QueryMyBatisSvc.java:108)
	at co.com.japl.ea.mybatis.Main.main(Main.java:24)
java.lang.ClassNotFoundException: co.com.japl.ea.mybatis.privates.interfaces.Parametro
	at java.base/jdk.internal.loader.BuiltinClassLoader.loadClass(BuiltinClassLoader.java:582)
	at java.base/jdk.internal.loader.ClassLoaders$AppClassLoader.loadClass(ClassLoaders.java:190)
	at java.base/java.lang.ClassLoader.loadClass(ClassLoader.java:499)
	at java.base/java.lang.Class.forName0(Native Method)
	at java.base/java.lang.Class.forName(Class.java:291)
	at co.com.japl.ea.mybatis.impl.QueryMyBatisSvc.verifyMapper(QueryMyBatisSvc.java:190)
	at co.com.japl.ea.mybatis.impl.QueryMyBatisSvc.set(QueryMyBatisSvc.java:112)
	at co.com.japl.ea.mybatis.Main.main(Main.java:24)
java.lang.ClassNotFoundException: co.com.japl.ea.mybatis.privates.interfaces.Parametro
	at java.base/jdk.internal.loader.BuiltinClassLoader.loadClass(BuiltinClassLoader.java:582)
	at java.base/jdk.internal.loader.ClassLoaders$AppClassLoader.loadClass(ClassLoaders.java:190)
	at java.base/java.lang.ClassLoader.loadClass(ClassLoader.java:499)
	at java.base/java.lang.Class.forName0(Native Method)
	at java.base/java.lang.Class.forName(Class.java:291)
	at co.com.japl.ea.mybatis.impl.QueryMyBatisSvc.verifyMapper(QueryMyBatisSvc.java:190)
	at co.com.japl.ea.mybatis.impl.QueryMyBatisSvc.get(QueryMyBatisSvc.java:85)
	at co.com.japl.ea.mybatis.impl.QueryMyBatisSvc.set(QueryMyBatisSvc.java:131)
	at co.com.japl.ea.mybatis.Main.main(Main.java:24)
org.apache.ibatis.binding.BindingException: Type interface co.com.japl.ea.mybatis.privates.interfaces.ParametroGrupo is not known to the MapperRegistry.
	at org.apache.ibatis.binding.MapperRegistry.getMapper(MapperRegistry.java:47)
	at org.apache.ibatis.session.Configuration.getMapper(Configuration.java:763)
	at org.apache.ibatis.session.defaults.DefaultSqlSession.getMapper(DefaultSqlSession.java:291)
	at co.com.japl.ea.mybatis.impl.QueryMyBatisSvc.verifyMapper(QueryMyBatisSvc.java:195)
	at co.com.japl.ea.mybatis.impl.QueryMyBatisSvc.gets(QueryMyBatisSvc.java:65)
	at co.com.japl.ea.mybatis.Main.main(Main.java:27)
java.lang.ClassNotFoundException: co.com.japl.ea.mybatis.privates.interfaces.Parametro
	at java.base/jdk.internal.loader.BuiltinClassLoader.loadClass(BuiltinClassLoader.java:582)
	at java.base/jdk.internal.loader.ClassLoaders$AppClassLoader.loadClass(ClassLoaders.java:190)
	at java.base/java.lang.ClassLoader.loadClass(ClassLoader.java:499)
	at java.base/java.lang.Class.forName0(Native Method)
	at java.base/java.lang.Class.forName(Class.java:291)
	at co.com.japl.ea.mybatis.impl.QueryMyBatisSvc.verifyMapper(QueryMyBatisSvc.java:190)
	at co.com.japl.ea.mybatis.impl.QueryMyBatisSvc.countRow(QueryMyBatisSvc.java:169)
	at co.com.japl.ea.mybatis.impl.QueryMyBatisSvc.set(QueryMyBatisSvc.java:108)
	at co.com.japl.ea.mybatis.Main.main(Main.java:24)
java.lang.ClassNotFoundException: co.com.japl.ea.mybatis.privates.interfaces.Parametro
	at java.base/jdk.internal.loader.BuiltinClassLoader.loadClass(BuiltinClassLoader.java:582)
	at java.base/jdk.internal.loader.ClassLoaders$AppClassLoader.loadClass(ClassLoaders.java:190)
	at java.base/java.lang.ClassLoader.loadClass(ClassLoader.java:499)
	at java.base/java.lang.Class.forName0(Native Method)
	at java.base/java.lang.Class.forName(Class.java:291)
	at co.com.japl.ea.mybatis.impl.QueryMyBatisSvc.verifyMapper(QueryMyBatisSvc.java:190)
	at co.com.japl.ea.mybatis.impl.QueryMyBatisSvc.set(QueryMyBatisSvc.java:112)
	at co.com.japl.ea.mybatis.Main.main(Main.java:24)
java.lang.ClassNotFoundException: co.com.japl.ea.mybatis.privates.interfaces.Parametro
	at java.base/jdk.internal.loader.BuiltinClassLoader.loadClass(BuiltinClassLoader.java:582)
	at java.base/jdk.internal.loader.ClassLoaders$AppClassLoader.loadClass(ClassLoaders.java:190)
	at java.base/java.lang.ClassLoader.loadClass(ClassLoader.java:499)
	at java.base/java.lang.Class.forName0(Native Method)
	at java.base/java.lang.Class.forName(Class.java:291)
	at co.com.japl.ea.mybatis.impl.QueryMyBatisSvc.verifyMapper(QueryMyBatisSvc.java:190)
	at co.com.japl.ea.mybatis.impl.QueryMyBatisSvc.get(QueryMyBatisSvc.java:85)
	at co.com.japl.ea.mybatis.impl.QueryMyBatisSvc.set(QueryMyBatisSvc.java:131)
	at co.com.japl.ea.mybatis.Main.main(Main.java:24)
org.apache.ibatis.binding.BindingException: Type interface co.com.japl.ea.mybatis.privates.interfaces.ParametroGrupo is not known to the MapperRegistry.
	at org.apache.ibatis.binding.MapperRegistry.getMapper(MapperRegistry.java:47)
	at org.apache.ibatis.session.Configuration.getMapper(Configuration.java:763)
	at org.apache.ibatis.session.defaults.DefaultSqlSession.getMapper(DefaultSqlSession.java:291)
	at co.com.japl.ea.mybatis.impl.QueryMyBatisSvc.verifyMapper(QueryMyBatisSvc.java:195)
	at co.com.japl.ea.mybatis.impl.QueryMyBatisSvc.gets(QueryMyBatisSvc.java:65)
	at co.com.japl.ea.mybatis.Main.main(Main.java:27)
java.lang.ClassNotFoundException: co.com.japl.ea.mybatis.privates.interfaces.Parametro
	at java.base/jdk.internal.loader.BuiltinClassLoader.loadClass(BuiltinClassLoader.java:582)
	at java.base/jdk.internal.loader.ClassLoaders$AppClassLoader.loadClass(ClassLoaders.java:190)
	at java.base/java.lang.ClassLoader.loadClass(ClassLoader.java:499)
	at java.base/java.lang.Class.forName0(Native Method)
	at java.base/java.lang.Class.forName(Class.java:291)
	at co.com.japl.ea.mybatis.impl.QueryMyBatisSvc.verifyMapper(QueryMyBatisSvc.java:190)
	at co.com.japl.ea.mybatis.impl.QueryMyBatisSvc.countRow(QueryMyBatisSvc.java:169)
	at co.com.japl.ea.mybatis.impl.QueryMyBatisSvc.set(QueryMyBatisSvc.java:108)
	at co.com.japl.ea.mybatis.Main.main(Main.java:24)
java.lang.ClassNotFoundException: co.com.japl.ea.mybatis.privates.interfaces.Parametro
	at java.base/jdk.internal.loader.BuiltinClassLoader.loadClass(BuiltinClassLoader.java:582)
	at java.base/jdk.internal.loader.ClassLoaders$AppClassLoader.loadClass(ClassLoaders.java:190)
	at java.base/java.lang.ClassLoader.loadClass(ClassLoader.java:499)
	at java.base/java.lang.Class.forName0(Native Method)
	at java.base/java.lang.Class.forName(Class.java:291)
	at co.com.japl.ea.mybatis.impl.QueryMyBatisSvc.verifyMapper(QueryMyBatisSvc.java:190)
	at co.com.japl.ea.mybatis.impl.QueryMyBatisSvc.set(QueryMyBatisSvc.java:112)
	at co.com.japl.ea.mybatis.Main.main(Main.java:24)
java.lang.ClassNotFoundException: co.com.japl.ea.mybatis.privates.interfaces.Parametro
	at java.base/jdk.internal.loader.BuiltinClassLoader.loadClass(BuiltinClassLoader.java:582)
	at java.base/jdk.internal.loader.ClassLoaders$AppClassLoader.loadClass(ClassLoaders.java:190)
	at java.base/java.lang.ClassLoader.loadClass(ClassLoader.java:499)
	at java.base/java.lang.Class.forName0(Native Method)
	at java.base/java.lang.Class.forName(Class.java:291)
	at co.com.japl.ea.mybatis.impl.QueryMyBatisSvc.verifyMapper(QueryMyBatisSvc.java:190)
	at co.com.japl.ea.mybatis.impl.QueryMyBatisSvc.get(QueryMyBatisSvc.java:85)
	at co.com.japl.ea.mybatis.impl.QueryMyBatisSvc.set(QueryMyBatisSvc.java:131)
	at co.com.japl.ea.mybatis.Main.main(Main.java:24)
org.apache.ibatis.binding.BindingException: Type interface co.com.japl.ea.mybatis.privates.interfaces.ParametroGrupo is not known to the MapperRegistry.
	at org.apache.ibatis.binding.MapperRegistry.getMapper(MapperRegistry.java:47)
	at org.apache.ibatis.session.Configuration.getMapper(Configuration.java:763)
	at org.apache.ibatis.session.defaults.DefaultSqlSession.getMapper(DefaultSqlSession.java:291)
	at co.com.japl.ea.mybatis.impl.QueryMyBatisSvc.verifyMapper(QueryMyBatisSvc.java:195)
	at co.com.japl.ea.mybatis.impl.QueryMyBatisSvc.gets(QueryMyBatisSvc.java:65)
	at co.com.japl.ea.mybatis.Main.main(Main.java:27)
